<?xml version="1.0" encoding="UTF-8"?>
<coverage generated="1542039403868" clover="3.2.0">
  <project timestamp="1542039403868" name="All files">
    <metrics statements="375" coveredstatements="215" conditionals="144" coveredconditionals="52" methods="168" coveredmethods="61" elements="687" coveredelements="328" complexity="0" loc="375" ncloc="375" packages="7" files="33" classes="33">
      <package name="routes">
        <metrics statements="0" coveredstatements="0" conditionals="0" coveredconditionals="0" methods="0" coveredmethods="0"/>
        <file name="routes.jsx" path="C:\Users\reida\wildALmondz\wildalmondz_060218\mysqlauth\routes\routes.jsx">
          <metrics statements="0" coveredstatements="0" conditionals="0" coveredconditionals="0" methods="0" coveredmethods="0"/>
        </file>
      </package>
      <package name="src">
        <metrics statements="55" coveredstatements="35" conditionals="3" coveredconditionals="0" methods="32" coveredmethods="6"/>
        <file name="actions.js" path="C:\Users\reida\wildALmondz\wildalmondz_060218\mysqlauth\src\actions.js">
          <metrics statements="20" coveredstatements="14" conditionals="1" coveredconditionals="0" methods="18" coveredmethods="6"/>
          <line num="4" count="3" type="stmt"/>
          <line num="5" count="3" type="stmt"/>
          <line num="7" count="3" type="stmt"/>
          <line num="8" count="2" type="stmt"/>
          <line num="13" count="3" type="stmt"/>
          <line num="14" count="1" type="stmt"/>
          <line num="22" count="3" type="stmt"/>
          <line num="23" count="0" type="stmt"/>
          <line num="30" count="3" type="stmt"/>
          <line num="31" count="0" type="stmt"/>
          <line num="38" count="3" type="stmt"/>
          <line num="39" count="0" type="stmt"/>
          <line num="45" count="3" type="stmt"/>
          <line num="46" count="0" type="stmt"/>
          <line num="52" count="3" type="stmt"/>
          <line num="53" count="0" type="stmt"/>
          <line num="60" count="3" type="stmt"/>
          <line num="61" count="1" type="stmt"/>
          <line num="68" count="3" type="cond" truecount="0" falsecount="1"/>
          <line num="69" count="0" type="stmt"/>
        </file>
        <file name="constants.js" path="C:\Users\reida\wildALmondz\wildalmondz_060218\mysqlauth\src\constants.js">
          <metrics statements="1" coveredstatements="1" conditionals="0" coveredconditionals="0" methods="0" coveredmethods="0"/>
          <line num="1" count="5" type="stmt"/>
        </file>
        <file name="index.js" path="C:\Users\reida\wildALmondz\wildalmondz_060218\mysqlauth\src\index.js">
          <metrics statements="5" coveredstatements="5" conditionals="0" coveredconditionals="0" methods="0" coveredmethods="0"/>
          <line num="8" count="1" type="stmt"/>
          <line num="13" count="1" type="stmt"/>
          <line num="14" count="1" type="stmt"/>
          <line num="16" count="1" type="stmt"/>
          <line num="18" count="1" type="stmt"/>
        </file>
        <file name="menus.js" path="C:\Users\reida\wildALmondz\wildalmondz_060218\mysqlauth\src\menus.js">
          <metrics statements="5" coveredstatements="3" conditionals="2" coveredconditionals="0" methods="2" coveredmethods="0"/>
          <line num="5" count="1" type="stmt"/>
          <line num="10" count="1" type="stmt"/>
          <line num="11" count="0" type="stmt"/>
          <line num="20" count="1" type="stmt"/>
          <line num="21" count="0" type="stmt"/>
        </file>
        <file name="pages.js" path="C:\Users\reida\wildALmondz\wildalmondz_060218\mysqlauth\src\pages.js">
          <metrics statements="24" coveredstatements="12" conditionals="0" coveredconditionals="0" methods="12" coveredmethods="0"/>
          <line num="6" count="1" type="stmt"/>
          <line num="7" count="0" type="stmt"/>
          <line num="12" count="1" type="stmt"/>
          <line num="13" count="0" type="stmt"/>
          <line num="23" count="1" type="stmt"/>
          <line num="24" count="0" type="stmt"/>
          <line num="28" count="1" type="stmt"/>
          <line num="29" count="0" type="stmt"/>
          <line num="38" count="1" type="stmt"/>
          <line num="39" count="0" type="stmt"/>
          <line num="46" count="1" type="stmt"/>
          <line num="47" count="0" type="stmt"/>
          <line num="54" count="1" type="stmt"/>
          <line num="55" count="0" type="stmt"/>
          <line num="61" count="1" type="stmt"/>
          <line num="62" count="0" type="stmt"/>
          <line num="72" count="1" type="stmt"/>
          <line num="73" count="0" type="stmt"/>
          <line num="92" count="1" type="stmt"/>
          <line num="93" count="0" type="stmt"/>
          <line num="115" count="1" type="stmt"/>
          <line num="116" count="0" type="stmt"/>
          <line num="128" count="1" type="stmt"/>
          <line num="129" count="0" type="stmt"/>
        </file>
      </package>
      <package name="src.components">
        <metrics statements="34" coveredstatements="11" conditionals="0" coveredconditionals="0" methods="14" coveredmethods="0"/>
        <file name="App.js" path="C:\Users\reida\wildALmondz\wildalmondz_060218\mysqlauth\src\components\App.js">
          <metrics statements="2" coveredstatements="1" conditionals="0" coveredconditionals="0" methods="1" coveredmethods="0"/>
          <line num="19" count="1" type="stmt"/>
          <line num="20" count="0" type="stmt"/>
        </file>
        <file name="containers.js" path="C:\Users\reida\wildALmondz\wildalmondz_060218\mysqlauth\src\components\containers.js">
          <metrics statements="32" coveredstatements="10" conditionals="0" coveredconditionals="0" methods="13" coveredmethods="0"/>
          <line num="16" count="1" type="stmt"/>
          <line num="19" count="0" type="stmt"/>
          <line num="21" count="0" type="stmt"/>
          <line num="26" count="1" type="stmt"/>
          <line num="28" count="0" type="stmt"/>
          <line num="32" count="0" type="stmt"/>
          <line num="34" count="0" type="stmt"/>
          <line num="37" count="0" type="stmt"/>
          <line num="42" count="1" type="stmt"/>
          <line num="43" count="0" type="stmt"/>
          <line num="47" count="1" type="stmt"/>
          <line num="49" count="0" type="stmt"/>
          <line num="53" count="0" type="stmt"/>
          <line num="55" count="0" type="stmt"/>
          <line num="60" count="1" type="stmt"/>
          <line num="61" count="0" type="stmt"/>
          <line num="66" count="1" type="stmt"/>
          <line num="69" count="0" type="stmt"/>
          <line num="71" count="0" type="stmt"/>
          <line num="76" count="1" type="stmt"/>
          <line num="79" count="0" type="stmt"/>
          <line num="81" count="0" type="stmt"/>
          <line num="86" count="1" type="stmt"/>
          <line num="89" count="0" type="stmt"/>
          <line num="91" count="0" type="stmt"/>
          <line num="96" count="1" type="stmt"/>
          <line num="98" count="0" type="stmt"/>
          <line num="102" count="0" type="stmt"/>
          <line num="104" count="0" type="stmt"/>
          <line num="107" count="0" type="stmt"/>
          <line num="112" count="1" type="stmt"/>
          <line num="113" count="0" type="stmt"/>
        </file>
      </package>
      <package name="src.components.ui">
        <metrics statements="126" coveredstatements="71" conditionals="30" coveredconditionals="16" methods="61" coveredmethods="24"/>
        <file name="AddColorForm.js" path="C:\Users\reida\wildALmondz\wildalmondz_060218\mysqlauth\src\components\ui\AddColorForm.js">
          <metrics statements="13" coveredstatements="13" conditionals="0" coveredconditionals="0" methods="4" coveredmethods="4"/>
          <line num="7" count="3" type="stmt"/>
          <line num="8" count="3" type="stmt"/>
          <line num="12" count="2" type="stmt"/>
          <line num="13" count="2" type="stmt"/>
          <line num="14" count="2" type="stmt"/>
          <line num="15" count="2" type="stmt"/>
          <line num="16" count="2" type="stmt"/>
          <line num="17" count="2" type="stmt"/>
          <line num="18" count="2" type="stmt"/>
          <line num="22" count="3" type="stmt"/>
          <line num="41" count="2" type="stmt"/>
          <line num="45" count="2" type="stmt"/>
          <line num="46" count="1" type="stmt"/>
        </file>
        <file name="AddGameForm.js" path="C:\Users\reida\wildALmondz\wildalmondz_060218\mysqlauth\src\components\ui\AddGameForm.js">
          <metrics statements="13" coveredstatements="2" conditionals="0" coveredconditionals="0" methods="4" coveredmethods="0"/>
          <line num="7" count="0" type="stmt"/>
          <line num="8" count="0" type="stmt"/>
          <line num="12" count="0" type="stmt"/>
          <line num="13" count="0" type="stmt"/>
          <line num="14" count="0" type="stmt"/>
          <line num="15" count="0" type="stmt"/>
          <line num="16" count="0" type="stmt"/>
          <line num="17" count="0" type="stmt"/>
          <line num="18" count="0" type="stmt"/>
          <line num="22" count="0" type="stmt"/>
          <line num="41" count="1" type="stmt"/>
          <line num="45" count="1" type="stmt"/>
          <line num="46" count="0" type="stmt"/>
        </file>
        <file name="AddUserForm.js" path="C:\Users\reida\wildALmondz\wildalmondz_060218\mysqlauth\src\components\ui\AddUserForm.js">
          <metrics statements="15" coveredstatements="2" conditionals="0" coveredconditionals="0" methods="4" coveredmethods="0"/>
          <line num="7" count="0" type="stmt"/>
          <line num="8" count="0" type="stmt"/>
          <line num="14" count="0" type="stmt"/>
          <line num="15" count="0" type="stmt"/>
          <line num="16" count="0" type="stmt"/>
          <line num="17" count="0" type="stmt"/>
          <line num="18" count="0" type="stmt"/>
          <line num="19" count="0" type="stmt"/>
          <line num="20" count="0" type="stmt"/>
          <line num="21" count="0" type="stmt"/>
          <line num="22" count="0" type="stmt"/>
          <line num="26" count="0" type="stmt"/>
          <line num="40" count="1" type="stmt"/>
          <line num="44" count="1" type="stmt"/>
          <line num="45" count="0" type="stmt"/>
        </file>
        <file name="Color.js" path="C:\Users\reida\wildALmondz\wildalmondz_060218\mysqlauth\src\components\ui\Color.js">
          <metrics statements="8" coveredstatements="6" conditionals="0" coveredconditionals="0" methods="5" coveredmethods="3"/>
          <line num="12" count="3" type="stmt"/>
          <line num="13" count="3" type="stmt"/>
          <line num="17" count="0" type="stmt"/>
          <line num="25" count="0" type="stmt"/>
          <line num="37" count="2" type="stmt"/>
          <line num="45" count="2" type="stmt"/>
          <line num="47" count="1" type="stmt"/>
          <line num="48" count="1" type="stmt"/>
        </file>
        <file name="ColorDetails.js" path="C:\Users\reida\wildALmondz\wildalmondz_060218\mysqlauth\src\components\ui\ColorDetails.js">
          <metrics statements="4" coveredstatements="2" conditionals="2" coveredconditionals="0" methods="2" coveredmethods="0"/>
          <line num="5" count="1" type="stmt"/>
          <line num="6" count="0" type="cond" truecount="0" falsecount="2"/>
          <line num="10" count="0" type="stmt"/>
          <line num="15" count="1" type="stmt"/>
        </file>
        <file name="ColorList.js" path="C:\Users\reida\wildALmondz\wildalmondz_060218\mysqlauth\src\components\ui\ColorList.js">
          <metrics statements="6" coveredstatements="6" conditionals="5" coveredconditionals="5" methods="6" coveredmethods="6"/>
          <line num="5" count="2" type="cond" truecount="3" falsecount="0"/>
          <line num="6" count="6" type="stmt"/>
          <line num="10" count="15" type="stmt"/>
          <line num="13" count="2" type="stmt"/>
          <line num="14" count="2" type="stmt"/>
          <line num="19" count="2" type="stmt"/>
        </file>
        <file name="Game.js" path="C:\Users\reida\wildALmondz\wildalmondz_060218\mysqlauth\src\components\ui\Game.js">
          <metrics statements="7" coveredstatements="6" conditionals="0" coveredconditionals="0" methods="4" coveredmethods="3"/>
          <line num="12" count="3" type="stmt"/>
          <line num="13" count="3" type="stmt"/>
          <line num="21" count="0" type="stmt"/>
          <line num="33" count="3" type="stmt"/>
          <line num="41" count="3" type="stmt"/>
          <line num="43" count="1" type="stmt"/>
          <line num="44" count="1" type="stmt"/>
        </file>
        <file name="GameDetails.js" path="C:\Users\reida\wildALmondz\wildalmondz_060218\mysqlauth\src\components\ui\GameDetails.js">
          <metrics statements="4" coveredstatements="2" conditionals="2" coveredconditionals="0" methods="2" coveredmethods="0"/>
          <line num="5" count="1" type="stmt"/>
          <line num="6" count="0" type="cond" truecount="0" falsecount="2"/>
          <line num="10" count="0" type="stmt"/>
          <line num="15" count="1" type="stmt"/>
        </file>
        <file name="GameList.js" path="C:\Users\reida\wildALmondz\wildalmondz_060218\mysqlauth\src\components\ui\GameList.js">
          <metrics statements="6" coveredstatements="3" conditionals="5" coveredconditionals="4" methods="6" coveredmethods="1"/>
          <line num="5" count="2" type="cond" truecount="3" falsecount="0"/>
          <line num="6" count="2" type="stmt"/>
          <line num="10" count="0" type="stmt"/>
          <line num="13" count="0" type="stmt"/>
          <line num="14" count="0" type="stmt"/>
          <line num="19" count="2" type="stmt"/>
        </file>
        <file name="Menu.js" path="C:\Users\reida\wildALmondz\wildalmondz_060218\mysqlauth\src\components\ui\Menu.js">
          <metrics statements="4" coveredstatements="3" conditionals="2" coveredconditionals="0" methods="1" coveredmethods="0"/>
          <line num="5" count="1" type="stmt"/>
          <line num="7" count="1" type="stmt"/>
          <line num="8" count="0" type="stmt"/>
          <line num="14" count="1" type="stmt"/>
        </file>
        <file name="NavMenu.js" path="C:\Users\reida\wildALmondz\wildalmondz_060218\mysqlauth\src\components\ui\NavMenu.js">
          <metrics statements="4" coveredstatements="3" conditionals="0" coveredconditionals="0" methods="1" coveredmethods="0"/>
          <line num="5" count="1" type="stmt"/>
          <line num="7" count="1" type="stmt"/>
          <line num="8" count="0" type="stmt"/>
          <line num="15" count="1" type="stmt"/>
        </file>
        <file name="Star.js" path="C:\Users\reida\wildALmondz\wildalmondz_060218\mysqlauth\src\components\ui\Star.js">
          <metrics statements="3" coveredstatements="3" conditionals="4" coveredconditionals="1" methods="2" coveredmethods="1"/>
          <line num="4" count="4" type="cond" truecount="0" falsecount="2"/>
          <line num="5" count="20" type="stmt"/>
          <line num="10" count="4" type="stmt"/>
        </file>
        <file name="StarRating.js" path="C:\Users\reida\wildALmondz\wildalmondz_060218\mysqlauth\src\components\ui\StarRating.js">
          <metrics statements="6" coveredstatements="6" conditionals="3" coveredconditionals="1" methods="4" coveredmethods="3"/>
          <line num="4" count="4" type="cond" truecount="1" falsecount="2"/>
          <line num="5" count="4" type="stmt"/>
          <line num="7" count="20" type="stmt"/>
          <line num="10" count="2" type="stmt"/>
          <line num="15" count="4" type="stmt"/>
          <line num="21" count="4" type="stmt"/>
        </file>
        <file name="TimeAgo.js" path="C:\Users\reida\wildALmondz\wildalmondz_060218\mysqlauth\src\components\ui\TimeAgo.js">
          <metrics statements="3" coveredstatements="3" conditionals="0" coveredconditionals="0" methods="1" coveredmethods="1"/>
          <line num="3" count="4" type="stmt"/>
          <line num="4" count="4" type="stmt"/>
          <line num="8" count="4" type="stmt"/>
        </file>
        <file name="Tournament.js" path="C:\Users\reida\wildALmondz\wildalmondz_060218\mysqlauth\src\components\ui\Tournament.js">
          <metrics statements="7" coveredstatements="2" conditionals="0" coveredconditionals="0" methods="4" coveredmethods="0"/>
          <line num="9" count="0" type="stmt"/>
          <line num="10" count="0" type="stmt"/>
          <line num="14" count="0" type="stmt"/>
          <line num="22" count="0" type="stmt"/>
          <line num="29" count="2" type="stmt"/>
          <line num="35" count="2" type="stmt"/>
          <line num="36" count="0" type="stmt"/>
        </file>
        <file name="TournamentDetails.js" path="C:\Users\reida\wildALmondz\wildalmondz_060218\mysqlauth\src\components\ui\TournamentDetails.js">
          <metrics statements="4" coveredstatements="2" conditionals="2" coveredconditionals="0" methods="2" coveredmethods="0"/>
          <line num="5" count="1" type="stmt"/>
          <line num="6" count="0" type="cond" truecount="0" falsecount="2"/>
          <line num="9" count="0" type="stmt"/>
          <line num="14" count="1" type="stmt"/>
        </file>
        <file name="TournamentList.js" path="C:\Users\reida\wildALmondz\wildalmondz_060218\mysqlauth\src\components\ui\TournamentList.js">
          <metrics statements="4" coveredstatements="4" conditionals="5" coveredconditionals="5" methods="4" coveredmethods="2"/>
          <line num="5" count="2" type="cond" truecount="3" falsecount="0"/>
          <line num="6" count="2" type="stmt"/>
          <line num="10" count="1" type="stmt"/>
          <line num="17" count="2" type="stmt"/>
        </file>
        <file name="UserLoginForm.js" path="C:\Users\reida\wildALmondz\wildalmondz_060218\mysqlauth\src\components\ui\UserLoginForm.js">
          <metrics statements="13" coveredstatements="2" conditionals="0" coveredconditionals="0" methods="4" coveredmethods="0"/>
          <line num="7" count="0" type="stmt"/>
          <line num="8" count="0" type="stmt"/>
          <line num="14" count="0" type="stmt"/>
          <line num="15" count="0" type="stmt"/>
          <line num="16" count="0" type="stmt"/>
          <line num="17" count="0" type="stmt"/>
          <line num="18" count="0" type="stmt"/>
          <line num="19" count="0" type="stmt"/>
          <line num="20" count="0" type="stmt"/>
          <line num="24" count="0" type="stmt"/>
          <line num="36" count="1" type="stmt"/>
          <line num="40" count="1" type="stmt"/>
          <line num="41" count="0" type="stmt"/>
        </file>
        <file name="Whoops404.js" path="C:\Users\reida\wildALmondz\wildalmondz_060218\mysqlauth\src\components\ui\Whoops404.js">
          <metrics statements="2" coveredstatements="1" conditionals="0" coveredconditionals="0" methods="1" coveredmethods="0"/>
          <line num="1" count="1" type="stmt"/>
          <line num="2" count="0" type="stmt"/>
        </file>
      </package>
      <package name="src.lib">
        <metrics statements="50" coveredstatements="38" conditionals="23" coveredconditionals="5" methods="31" coveredmethods="10"/>
        <file name="array-helpers.js" path="C:\Users\reida\wildALmondz\wildalmondz_060218\mysqlauth\src\lib\array-helpers.js">
          <metrics statements="23" coveredstatements="13" conditionals="12" coveredconditionals="0" methods="18" coveredmethods="0"/>
          <line num="4" count="1" type="stmt"/>
          <line num="5" count="0" type="stmt"/>
          <line num="7" count="1" type="stmt"/>
          <line num="8" count="0" type="cond" truecount="0" falsecount="2"/>
          <line num="10" count="1" type="stmt"/>
          <line num="11" count="0" type="stmt"/>
          <line num="13" count="1" type="stmt"/>
          <line num="14" count="0" type="cond" truecount="0" falsecount="2"/>
          <line num="20" count="1" type="stmt"/>
          <line num="21" count="0" type="cond" truecount="0" falsecount="2"/>
          <line num="27" count="1" type="cond" truecount="0" falsecount="1"/>
          <line num="32" count="0" type="stmt"/>
          <line num="34" count="1" type="stmt"/>
          <line num="39" count="1" type="stmt"/>
          <line num="40" count="0" type="stmt"/>
          <line num="44" count="1" type="stmt"/>
          <line num="45" count="0" type="stmt"/>
          <line num="49" count="1" type="stmt"/>
          <line num="50" count="0" type="stmt"/>
          <line num="54" count="1" type="stmt"/>
          <line num="56" count="1" type="stmt"/>
          <line num="57" count="0" type="stmt"/>
          <line num="59" count="1" type="stmt"/>
        </file>
        <file name="time-helpers.js" path="C:\Users\reida\wildALmondz\wildalmondz_060218\mysqlauth\src\lib\time-helpers.js">
          <metrics statements="27" coveredstatements="25" conditionals="11" coveredconditionals="5" methods="13" coveredmethods="10"/>
          <line num="1" count="4" type="stmt"/>
          <line num="2" count="4" type="stmt"/>
          <line num="3" count="4" type="stmt"/>
          <line num="4" count="4" type="stmt"/>
          <line num="5" count="4" type="stmt"/>
          <line num="6" count="4" type="stmt"/>
          <line num="13" count="36" type="stmt"/>
          <line num="15" count="16" type="stmt"/>
          <line num="17" count="16" type="stmt"/>
          <line num="19" count="4" type="stmt"/>
          <line num="21" count="4" type="stmt"/>
          <line num="22" count="0" type="cond" truecount="0" falsecount="2"/>
          <line num="24" count="4" type="stmt"/>
          <line num="25" count="16" type="cond" truecount="1" falsecount="1"/>
          <line num="29" count="4" type="stmt"/>
          <line num="30" count="4" type="stmt"/>
          <line num="32" count="4" type="stmt"/>
          <line num="33" count="0" type="cond" truecount="0" falsecount="2"/>
          <line num="37" count="4" type="stmt"/>
          <line num="38" count="16" type="cond" truecount="1" falsecount="1"/>
          <line num="42" count="4" type="stmt"/>
          <line num="43" count="16" type="stmt"/>
          <line num="45" count="16" type="stmt"/>
          <line num="48" count="4" type="stmt"/>
          <line num="49" count="20" type="cond" truecount="2" falsecount="0"/>
          <line num="53" count="4" type="cond" truecount="1" falsecount="0"/>
          <line num="54" count="4" type="stmt"/>
        </file>
      </package>
      <package name="src.store">
        <metrics statements="93" coveredstatements="55" conditionals="78" coveredconditionals="31" methods="28" coveredmethods="21"/>
        <file name="index.js" path="C:\Users\reida\wildALmondz\wildalmondz_060218\mysqlauth\src\store\index.js">
          <metrics statements="19" coveredstatements="12" conditionals="5" coveredconditionals="4" methods="8" coveredmethods="8"/>
          <line num="18" count="2" type="stmt"/>
          <line num="19" count="1" type="cond" truecount="1" falsecount="1"/>
          <line num="21" count="0" type="stmt"/>
          <line num="22" count="0" type="stmt"/>
          <line num="23" count="0" type="stmt"/>
          <line num="24" count="0" type="stmt"/>
          <line num="25" count="0" type="stmt"/>
          <line num="26" count="0" type="stmt"/>
          <line num="27" count="0" type="stmt"/>
          <line num="29" count="1" type="stmt"/>
          <line num="33" count="2" type="stmt"/>
          <line num="34" count="1" type="stmt"/>
          <line num="35" count="1" type="stmt"/>
          <line num="36" count="1" type="stmt"/>
          <line num="37" count="1" type="stmt"/>
          <line num="38" count="1" type="stmt"/>
          <line num="41" count="2" type="stmt"/>
          <line num="46" count="2" type="cond" truecount="1" falsecount="0"/>
          <line num="47" count="2" type="stmt"/>
        </file>
        <file name="reducers.js" path="C:\Users\reida\wildALmondz\wildalmondz_060218\mysqlauth\src\store\reducers.js">
          <metrics statements="74" coveredstatements="43" conditionals="73" coveredconditionals="27" methods="20" coveredmethods="13"/>
          <line num="3" count="4" type="cond" truecount="0" falsecount="2"/>
          <line num="4" count="0" type="cond" truecount="0" falsecount="3"/>
          <line num="6" count="0" type="stmt"/>
          <line num="14" count="0" type="cond" truecount="0" falsecount="2"/>
          <line num="20" count="0" type="stmt"/>
          <line num="24" count="4" type="cond" truecount="1" falsecount="1"/>
          <line num="25" count="6" type="cond" truecount="1" falsecount="3"/>
          <line num="27" count="0" type="stmt"/>
          <line num="32" count="0" type="stmt"/>
          <line num="33" count="0" type="stmt"/>
          <line num="36" count="0" type="stmt"/>
          <line num="37" count="0" type="stmt"/>
          <line num="40" count="6" type="stmt"/>
          <line num="44" count="4" type="cond" truecount="0" falsecount="2"/>
          <line num="45" count="0" type="cond" truecount="0" falsecount="5"/>
          <line num="47" count="0" type="stmt"/>
          <line num="49" count="0" type="stmt"/>
          <line num="51" count="0" type="stmt"/>
          <line num="59" count="0" type="cond" truecount="0" falsecount="2"/>
          <line num="65" count="0" type="stmt"/>
          <line num="69" count="4" type="cond" truecount="1" falsecount="1"/>
          <line num="70" count="6" type="cond" truecount="1" falsecount="3"/>
          <line num="72" count="0" type="stmt"/>
          <line num="77" count="0" type="stmt"/>
          <line num="78" count="0" type="stmt"/>
          <line num="81" count="0" type="stmt"/>
          <line num="82" count="0" type="stmt"/>
          <line num="85" count="6" type="stmt"/>
          <line num="89" count="4" type="cond" truecount="1" falsecount="1"/>
          <line num="90" count="6" type="cond" truecount="1" falsecount="1"/>
          <line num="92" count="0" type="stmt"/>
          <line num="95" count="6" type="stmt"/>
          <line num="99" count="4" type="cond" truecount="1" falsecount="1"/>
          <line num="100" count="6" type="cond" truecount="1" falsecount="1"/>
          <line num="102" count="0" type="stmt"/>
          <line num="105" count="6" type="stmt"/>
          <line num="109" count="4" type="cond" truecount="1" falsecount="1"/>
          <line num="110" count="6" type="cond" truecount="1" falsecount="1"/>
          <line num="112" count="0" type="stmt"/>
          <line num="121" count="6" type="stmt"/>
          <line num="125" count="4" type="cond" truecount="1" falsecount="1"/>
          <line num="126" count="6" type="cond" truecount="1" falsecount="1"/>
          <line num="128" count="0" type="stmt"/>
          <line num="134" count="6" type="stmt"/>
          <line num="138" count="4" type="cond" truecount="1" falsecount="1"/>
          <line num="139" count="6" type="cond" truecount="1" falsecount="1"/>
          <line num="141" count="0" type="stmt"/>
          <line num="145" count="6" type="stmt"/>
          <line num="149" count="4" type="cond" truecount="1" falsecount="1"/>
          <line num="150" count="6" type="cond" truecount="1" falsecount="1"/>
          <line num="152" count="0" type="stmt"/>
          <line num="156" count="6" type="stmt"/>
          <line num="160" count="4" type="cond" truecount="1" falsecount="1"/>
          <line num="161" count="6" type="cond" truecount="1" falsecount="1"/>
          <line num="163" count="0" type="stmt"/>
          <line num="167" count="6" type="stmt"/>
          <line num="171" count="4" type="cond" truecount="1" falsecount="1"/>
          <line num="172" count="6" type="cond" truecount="1" falsecount="1"/>
          <line num="174" count="0" type="stmt"/>
          <line num="182" count="6" type="stmt"/>
          <line num="186" count="4" type="cond" truecount="1" falsecount="1"/>
          <line num="187" count="6" type="cond" truecount="1" falsecount="1"/>
          <line num="189" count="0" type="stmt"/>
          <line num="194" count="6" type="stmt"/>
          <line num="198" count="4" type="cond" truecount="0" falsecount="2"/>
          <line num="199" count="3" type="cond" truecount="2" falsecount="2"/>
          <line num="201" count="2" type="stmt"/>
          <line num="208" count="1" type="stmt"/>
          <line num="213" count="0" type="stmt"/>
          <line num="215" count="0" type="stmt"/>
          <line num="219" count="4" type="cond" truecount="1" falsecount="0"/>
          <line num="220" count="7" type="cond" truecount="2" falsecount="0"/>
          <line num="222" count="1" type="stmt"/>
          <line num="227" count="6" type="stmt"/>
        </file>
      </package>
      <package name="views">
        <metrics statements="17" coveredstatements="5" conditionals="10" coveredconditionals="0" methods="2" coveredmethods="0"/>
        <file name="Constants.jsx" path="C:\Users\reida\wildALmondz\wildalmondz_060218\mysqlauth\views\Constants.jsx">
          <metrics statements="1" coveredstatements="1" conditionals="0" coveredconditionals="0" methods="0" coveredmethods="0"/>
          <line num="1" count="1" type="stmt"/>
        </file>
        <file name="Square.jsx" path="C:\Users\reida\wildALmondz\wildalmondz_060218\mysqlauth\views\Square.jsx">
          <metrics statements="16" coveredstatements="4" conditionals="10" coveredconditionals="0" methods="2" coveredmethods="0"/>
          <line num="5" count="1" type="stmt"/>
          <line num="7" count="1" type="stmt"/>
          <line num="9" count="0" type="stmt"/>
          <line num="14" count="0" type="stmt"/>
          <line num="22" count="1" type="stmt"/>
          <line num="35" count="0" type="stmt"/>
          <line num="36" count="0" type="cond" truecount="0" falsecount="2"/>
          <line num="38" count="0" type="stmt"/>
          <line num="39" count="0" type="cond" truecount="0" falsecount="2"/>
          <line num="40" count="0" type="stmt"/>
          <line num="41" count="0" type="stmt"/>
          <line num="42" count="0" type="cond" truecount="0" falsecount="2"/>
          <line num="43" count="0" type="stmt"/>
          <line num="44" count="0" type="stmt"/>
          <line num="47" count="0" type="stmt"/>
          <line num="76" count="1" type="stmt"/>
        </file>
      </package>
    </metrics>
  </project>
</coverage>
