{"C:\\Users\\reida\\wildALmondz\\wildalmondz_060218\\mysqlauth\\routes\\routes.jsx": {"path":"C:\\Users\\reida\\wildALmondz\\wildalmondz_060218\\mysqlauth\\routes\\routes.jsx","statementMap":{},"fnMap":{},"branchMap":{},"s":{},"f":{},"b":{},"_coverageSchema":"332fd63041d2c1bcb487cc26dd0d5f7d97098a6c","hash":"3e72f09d1af0eab45c2ea8794e460e3d5e04800f"}
,"C:\\Users\\reida\\wildALmondz\\wildalmondz_060218\\mysqlauth\\src\\actions.js": {"path":"C:\\Users\\reida\\wildALmondz\\wildalmondz_060218\\mysqlauth\\src\\actions.js","statementMap":{"0":{"start":{"line":4,"column":22},"end":{"line":4,"column":49}},"1":{"start":{"line":4,"column":34},"end":{"line":4,"column":49}},"2":{"start":{"line":5,"column":17},"end":{"line":5,"column":46}},"3":{"start":{"line":5,"column":26},"end":{"line":5,"column":46}},"4":{"start":{"line":7,"column":26},"end":{"line":11,"column":20}},"5":{"start":{"line":8,"column":2},"end":{"line":11,"column":20}},"6":{"start":{"line":13,"column":24},"end":{"line":19,"column":3}},"7":{"start":{"line":13,"column":42},"end":{"line":19,"column":3}},"8":{"start":{"line":14,"column":2},"end":{"line":19,"column":3}},"9":{"start":{"line":22,"column":23},"end":{"line":28,"column":3}},"10":{"start":{"line":22,"column":48},"end":{"line":28,"column":3}},"11":{"start":{"line":23,"column":2},"end":{"line":28,"column":3}},"12":{"start":{"line":30,"column":21},"end":{"line":36,"column":3}},"13":{"start":{"line":30,"column":42},"end":{"line":36,"column":3}},"14":{"start":{"line":31,"column":2},"end":{"line":36,"column":3}},"15":{"start":{"line":38,"column":27},"end":{"line":43,"column":3}},"16":{"start":{"line":38,"column":33},"end":{"line":43,"column":3}},"17":{"start":{"line":39,"column":2},"end":{"line":43,"column":3}},"18":{"start":{"line":45,"column":32},"end":{"line":50,"column":3}},"19":{"start":{"line":45,"column":38},"end":{"line":50,"column":3}},"20":{"start":{"line":46,"column":2},"end":{"line":50,"column":3}},"21":{"start":{"line":52,"column":25},"end":{"line":58,"column":3}},"22":{"start":{"line":52,"column":41},"end":{"line":58,"column":3}},"23":{"start":{"line":53,"column":2},"end":{"line":58,"column":3}},"24":{"start":{"line":60,"column":25},"end":{"line":66,"column":3}},"25":{"start":{"line":60,"column":41},"end":{"line":66,"column":3}},"26":{"start":{"line":61,"column":2},"end":{"line":66,"column":3}},"27":{"start":{"line":68,"column":26},"end":{"line":72,"column":4}},"28":{"start":{"line":69,"column":3},"end":{"line":72,"column":3}}},"fnMap":{"0":{"name":"(anonymous_0)","decl":{"start":{"line":4,"column":22},"end":{"line":4,"column":23}},"loc":{"start":{"line":4,"column":34},"end":{"line":4,"column":49}},"line":4},"1":{"name":"(anonymous_1)","decl":{"start":{"line":5,"column":17},"end":{"line":5,"column":18}},"loc":{"start":{"line":5,"column":26},"end":{"line":5,"column":46}},"line":5},"2":{"name":"(anonymous_2)","decl":{"start":{"line":7,"column":26},"end":{"line":7,"column":27}},"loc":{"start":{"line":8,"column":2},"end":{"line":11,"column":20}},"line":8},"3":{"name":"(anonymous_3)","decl":{"start":{"line":13,"column":24},"end":{"line":13,"column":25}},"loc":{"start":{"line":13,"column":42},"end":{"line":19,"column":3}},"line":13},"4":{"name":"(anonymous_4)","decl":{"start":{"line":13,"column":42},"end":{"line":13,"column":43}},"loc":{"start":{"line":14,"column":2},"end":{"line":19,"column":3}},"line":14},"5":{"name":"(anonymous_5)","decl":{"start":{"line":22,"column":23},"end":{"line":22,"column":24}},"loc":{"start":{"line":22,"column":48},"end":{"line":28,"column":3}},"line":22},"6":{"name":"(anonymous_6)","decl":{"start":{"line":22,"column":48},"end":{"line":22,"column":49}},"loc":{"start":{"line":23,"column":2},"end":{"line":28,"column":3}},"line":23},"7":{"name":"(anonymous_7)","decl":{"start":{"line":30,"column":21},"end":{"line":30,"column":22}},"loc":{"start":{"line":30,"column":42},"end":{"line":36,"column":3}},"line":30},"8":{"name":"(anonymous_8)","decl":{"start":{"line":30,"column":42},"end":{"line":30,"column":43}},"loc":{"start":{"line":31,"column":2},"end":{"line":36,"column":3}},"line":31},"9":{"name":"(anonymous_9)","decl":{"start":{"line":38,"column":27},"end":{"line":38,"column":28}},"loc":{"start":{"line":38,"column":33},"end":{"line":43,"column":3}},"line":38},"10":{"name":"(anonymous_10)","decl":{"start":{"line":38,"column":33},"end":{"line":38,"column":34}},"loc":{"start":{"line":39,"column":2},"end":{"line":43,"column":3}},"line":39},"11":{"name":"(anonymous_11)","decl":{"start":{"line":45,"column":32},"end":{"line":45,"column":33}},"loc":{"start":{"line":45,"column":38},"end":{"line":50,"column":3}},"line":45},"12":{"name":"(anonymous_12)","decl":{"start":{"line":45,"column":38},"end":{"line":45,"column":39}},"loc":{"start":{"line":46,"column":2},"end":{"line":50,"column":3}},"line":46},"13":{"name":"(anonymous_13)","decl":{"start":{"line":52,"column":25},"end":{"line":52,"column":26}},"loc":{"start":{"line":52,"column":41},"end":{"line":58,"column":3}},"line":52},"14":{"name":"(anonymous_14)","decl":{"start":{"line":52,"column":41},"end":{"line":52,"column":42}},"loc":{"start":{"line":53,"column":2},"end":{"line":58,"column":3}},"line":53},"15":{"name":"(anonymous_15)","decl":{"start":{"line":60,"column":25},"end":{"line":60,"column":26}},"loc":{"start":{"line":60,"column":41},"end":{"line":66,"column":3}},"line":60},"16":{"name":"(anonymous_16)","decl":{"start":{"line":60,"column":41},"end":{"line":60,"column":42}},"loc":{"start":{"line":61,"column":2},"end":{"line":66,"column":3}},"line":61},"17":{"name":"(anonymous_17)","decl":{"start":{"line":68,"column":26},"end":{"line":68,"column":27}},"loc":{"start":{"line":69,"column":3},"end":{"line":72,"column":3}},"line":69}},"branchMap":{"0":{"loc":{"start":{"line":68,"column":27},"end":{"line":68,"column":50}},"type":"default-arg","locations":[{"start":{"line":68,"column":34},"end":{"line":68,"column":50}}],"line":68}},"s":{"0":3,"1":0,"2":3,"3":1,"4":3,"5":2,"6":3,"7":1,"8":1,"9":3,"10":0,"11":0,"12":3,"13":0,"14":0,"15":3,"16":0,"17":0,"18":3,"19":0,"20":0,"21":3,"22":0,"23":0,"24":3,"25":1,"26":1,"27":3,"28":0},"f":{"0":0,"1":1,"2":2,"3":1,"4":1,"5":0,"6":0,"7":0,"8":0,"9":0,"10":0,"11":0,"12":0,"13":0,"14":0,"15":1,"16":1,"17":0},"b":{"0":[0]},"_coverageSchema":"332fd63041d2c1bcb487cc26dd0d5f7d97098a6c","hash":"a30b6f06da3a4966825d1633875ce0d92ecab079"}
,"C:\\Users\\reida\\wildALmondz\\wildalmondz_060218\\mysqlauth\\src\\constants.js": {"path":"C:\\Users\\reida\\wildALmondz\\wildalmondz_060218\\mysqlauth\\src\\constants.js","statementMap":{"0":{"start":{"line":1,"column":18},"end":{"line":12,"column":1}}},"fnMap":{},"branchMap":{},"s":{"0":5},"f":{},"b":{},"_coverageSchema":"332fd63041d2c1bcb487cc26dd0d5f7d97098a6c","hash":"f0d26e7f0f4251a49b65c2ad2d48e3e32979a8c8"}
,"C:\\Users\\reida\\wildALmondz\\wildalmondz_060218\\mysqlauth\\src\\index.js": {"path":"C:\\Users\\reida\\wildALmondz\\wildalmondz_060218\\mysqlauth\\src\\index.js","statementMap":{"0":{"start":{"line":8,"column":14},"end":{"line":8,"column":59}},"1":{"start":{"line":13,"column":0},"end":{"line":13,"column":21}},"2":{"start":{"line":14,"column":0},"end":{"line":14,"column":21}},"3":{"start":{"line":16,"column":0},"end":{"line":16,"column":37}},"4":{"start":{"line":18,"column":0},"end":{"line":25,"column":2}}},"fnMap":{},"branchMap":{},"s":{"0":1,"1":1,"2":1,"3":1,"4":1},"f":{},"b":{},"_coverageSchema":"332fd63041d2c1bcb487cc26dd0d5f7d97098a6c","hash":"60c21284a18fad96913261fa143ac686eec0bba1"}
,"C:\\Users\\reida\\wildALmondz\\wildalmondz_060218\\mysqlauth\\src\\menus.js": {"path":"C:\\Users\\reida\\wildALmondz\\wildalmondz_060218\\mysqlauth\\src\\menus.js","statementMap":{"0":{"start":{"line":5,"column":22},"end":{"line":8,"column":1}},"1":{"start":{"line":10,"column":24},"end":{"line":18,"column":10}},"2":{"start":{"line":11,"column":4},"end":{"line":18,"column":10}},"3":{"start":{"line":20,"column":25},"end":{"line":46,"column":10}},"4":{"start":{"line":21,"column":4},"end":{"line":46,"column":10}}},"fnMap":{"0":{"name":"(anonymous_0)","decl":{"start":{"line":10,"column":24},"end":{"line":10,"column":25}},"loc":{"start":{"line":11,"column":4},"end":{"line":18,"column":10}},"line":11},"1":{"name":"(anonymous_1)","decl":{"start":{"line":20,"column":25},"end":{"line":20,"column":26}},"loc":{"start":{"line":21,"column":4},"end":{"line":46,"column":10}},"line":21}},"branchMap":{"0":{"loc":{"start":{"line":24,"column":25},"end":{"line":24,"column":55}},"type":"binary-expr","locations":[{"start":{"line":24,"column":25},"end":{"line":24,"column":38}},{"start":{"line":24,"column":42},"end":{"line":24,"column":55}}],"line":24}},"s":{"0":1,"1":1,"2":0,"3":1,"4":0},"f":{"0":0,"1":0},"b":{"0":[0,0]},"_coverageSchema":"332fd63041d2c1bcb487cc26dd0d5f7d97098a6c","hash":"44935f1574e65726adfa21fbb6fa34e41f020ca8"}
,"C:\\Users\\reida\\wildALmondz\\wildalmondz_060218\\mysqlauth\\src\\pages.js": {"path":"C:\\Users\\reida\\wildALmondz\\wildalmondz_060218\\mysqlauth\\src\\pages.js","statementMap":{"0":{"start":{"line":6,"column":21},"end":{"line":10,"column":9}},"1":{"start":{"line":7,"column":3},"end":{"line":10,"column":8}},"2":{"start":{"line":12,"column":20},"end":{"line":21,"column":9}},"3":{"start":{"line":13,"column":3},"end":{"line":21,"column":8}},"4":{"start":{"line":23,"column":25},"end":{"line":26,"column":9}},"5":{"start":{"line":24,"column":3},"end":{"line":26,"column":8}},"6":{"start":{"line":28,"column":22},"end":{"line":36,"column":19}},"7":{"start":{"line":29,"column":3},"end":{"line":36,"column":18}},"8":{"start":{"line":38,"column":21},"end":{"line":44,"column":18}},"9":{"start":{"line":39,"column":3},"end":{"line":44,"column":17}},"10":{"start":{"line":46,"column":22},"end":{"line":52,"column":18}},"11":{"start":{"line":47,"column":3},"end":{"line":52,"column":17}},"12":{"start":{"line":54,"column":23},"end":{"line":59,"column":18}},"13":{"start":{"line":55,"column":3},"end":{"line":59,"column":17}},"14":{"start":{"line":61,"column":21},"end":{"line":70,"column":18}},"15":{"start":{"line":62,"column":3},"end":{"line":70,"column":17}},"16":{"start":{"line":72,"column":24},"end":{"line":90,"column":14}},"17":{"start":{"line":73,"column":3},"end":{"line":90,"column":13}},"18":{"start":{"line":92,"column":24},"end":{"line":113,"column":14}},"19":{"start":{"line":93,"column":3},"end":{"line":113,"column":13}},"20":{"start":{"line":115,"column":23},"end":{"line":126,"column":13}},"21":{"start":{"line":116,"column":3},"end":{"line":126,"column":12}},"22":{"start":{"line":128,"column":23},"end":{"line":142,"column":13}},"23":{"start":{"line":129,"column":3},"end":{"line":142,"column":12}}},"fnMap":{"0":{"name":"(anonymous_0)","decl":{"start":{"line":6,"column":21},"end":{"line":6,"column":22}},"loc":{"start":{"line":7,"column":3},"end":{"line":10,"column":8}},"line":7},"1":{"name":"(anonymous_1)","decl":{"start":{"line":12,"column":20},"end":{"line":12,"column":21}},"loc":{"start":{"line":13,"column":3},"end":{"line":21,"column":8}},"line":13},"2":{"name":"(anonymous_2)","decl":{"start":{"line":23,"column":25},"end":{"line":23,"column":26}},"loc":{"start":{"line":24,"column":3},"end":{"line":26,"column":8}},"line":24},"3":{"name":"(anonymous_3)","decl":{"start":{"line":28,"column":22},"end":{"line":28,"column":23}},"loc":{"start":{"line":29,"column":3},"end":{"line":36,"column":18}},"line":29},"4":{"name":"(anonymous_4)","decl":{"start":{"line":38,"column":21},"end":{"line":38,"column":22}},"loc":{"start":{"line":39,"column":3},"end":{"line":44,"column":17}},"line":39},"5":{"name":"(anonymous_5)","decl":{"start":{"line":46,"column":22},"end":{"line":46,"column":23}},"loc":{"start":{"line":47,"column":3},"end":{"line":52,"column":17}},"line":47},"6":{"name":"(anonymous_6)","decl":{"start":{"line":54,"column":23},"end":{"line":54,"column":24}},"loc":{"start":{"line":55,"column":3},"end":{"line":59,"column":17}},"line":55},"7":{"name":"(anonymous_7)","decl":{"start":{"line":61,"column":21},"end":{"line":61,"column":22}},"loc":{"start":{"line":62,"column":3},"end":{"line":70,"column":17}},"line":62},"8":{"name":"(anonymous_8)","decl":{"start":{"line":72,"column":24},"end":{"line":72,"column":25}},"loc":{"start":{"line":73,"column":3},"end":{"line":90,"column":13}},"line":73},"9":{"name":"(anonymous_9)","decl":{"start":{"line":92,"column":24},"end":{"line":92,"column":25}},"loc":{"start":{"line":93,"column":3},"end":{"line":113,"column":13}},"line":93},"10":{"name":"(anonymous_10)","decl":{"start":{"line":115,"column":23},"end":{"line":115,"column":24}},"loc":{"start":{"line":116,"column":3},"end":{"line":126,"column":12}},"line":116},"11":{"name":"(anonymous_11)","decl":{"start":{"line":128,"column":23},"end":{"line":128,"column":24}},"loc":{"start":{"line":129,"column":3},"end":{"line":142,"column":12}},"line":129}},"branchMap":{},"s":{"0":1,"1":0,"2":1,"3":0,"4":1,"5":0,"6":1,"7":0,"8":1,"9":0,"10":1,"11":0,"12":1,"13":0,"14":1,"15":0,"16":1,"17":0,"18":1,"19":0,"20":1,"21":0,"22":1,"23":0},"f":{"0":0,"1":0,"2":0,"3":0,"4":0,"5":0,"6":0,"7":0,"8":0,"9":0,"10":0,"11":0},"b":{},"_coverageSchema":"332fd63041d2c1bcb487cc26dd0d5f7d97098a6c","hash":"b52ed5c31410905314e267670801cb82d0119055"}
,"C:\\Users\\reida\\wildALmondz\\wildalmondz_060218\\mysqlauth\\src\\components\\App.js": {"path":"C:\\Users\\reida\\wildALmondz\\wildalmondz_060218\\mysqlauth\\src\\components\\App.js","statementMap":{"0":{"start":{"line":19,"column":12},"end":{"line":31,"column":12}},"1":{"start":{"line":20,"column":3},"end":{"line":31,"column":11}}},"fnMap":{"0":{"name":"(anonymous_0)","decl":{"start":{"line":19,"column":12},"end":{"line":19,"column":13}},"loc":{"start":{"line":20,"column":3},"end":{"line":31,"column":11}},"line":20}},"branchMap":{},"s":{"0":1,"1":0},"f":{"0":0},"b":{},"_coverageSchema":"332fd63041d2c1bcb487cc26dd0d5f7d97098a6c","hash":"82e4d98772f616c320ced949584c90d0cd2386fb"}
,"C:\\Users\\reida\\wildALmondz\\wildalmondz_060218\\mysqlauth\\src\\components\\containers.js": {"path":"C:\\Users\\reida\\wildALmondz\\wildalmondz_060218\\mysqlauth\\src\\components\\containers.js","statementMap":{"0":{"start":{"line":16,"column":24},"end":{"line":24,"column":15}},"1":{"start":{"line":19,"column":5},"end":{"line":23,"column":5}},"2":{"start":{"line":21,"column":8},"end":{"line":21,"column":41}},"3":{"start":{"line":26,"column":22},"end":{"line":40,"column":12}},"4":{"start":{"line":28,"column":5},"end":{"line":30,"column":5}},"5":{"start":{"line":32,"column":5},"end":{"line":39,"column":5}},"6":{"start":{"line":34,"column":8},"end":{"line":34,"column":34}},"7":{"start":{"line":37,"column":8},"end":{"line":37,"column":40}},"8":{"start":{"line":42,"column":21},"end":{"line":45,"column":19}},"9":{"start":{"line":43,"column":3},"end":{"line":45,"column":3}},"10":{"start":{"line":47,"column":27},"end":{"line":58,"column":17}},"11":{"start":{"line":49,"column":5},"end":{"line":51,"column":5}},"12":{"start":{"line":53,"column":5},"end":{"line":57,"column":5}},"13":{"start":{"line":55,"column":8},"end":{"line":55,"column":39}},"14":{"start":{"line":60,"column":26},"end":{"line":63,"column":24}},"15":{"start":{"line":61,"column":3},"end":{"line":63,"column":3}},"16":{"start":{"line":66,"column":23},"end":{"line":74,"column":14}},"17":{"start":{"line":69,"column":5},"end":{"line":73,"column":5}},"18":{"start":{"line":71,"column":8},"end":{"line":71,"column":40}},"19":{"start":{"line":76,"column":23},"end":{"line":84,"column":14}},"20":{"start":{"line":79,"column":5},"end":{"line":83,"column":5}},"21":{"start":{"line":81,"column":8},"end":{"line":81,"column":47}},"22":{"start":{"line":86,"column":25},"end":{"line":94,"column":16}},"23":{"start":{"line":89,"column":5},"end":{"line":93,"column":5}},"24":{"start":{"line":91,"column":8},"end":{"line":91,"column":45}},"25":{"start":{"line":96,"column":21},"end":{"line":110,"column":11}},"26":{"start":{"line":98,"column":5},"end":{"line":100,"column":5}},"27":{"start":{"line":102,"column":5},"end":{"line":109,"column":5}},"28":{"start":{"line":104,"column":8},"end":{"line":104,"column":33}},"29":{"start":{"line":107,"column":8},"end":{"line":107,"column":39}},"30":{"start":{"line":112,"column":20},"end":{"line":115,"column":18}},"31":{"start":{"line":113,"column":3},"end":{"line":115,"column":3}}},"fnMap":{"0":{"name":"(anonymous_0)","decl":{"start":{"line":18,"column":2},"end":{"line":18,"column":3}},"loc":{"start":{"line":19,"column":5},"end":{"line":23,"column":5}},"line":19},"1":{"name":"(anonymous_1)","decl":{"start":{"line":27,"column":2},"end":{"line":27,"column":3}},"loc":{"start":{"line":28,"column":5},"end":{"line":30,"column":5}},"line":28},"2":{"name":"(anonymous_2)","decl":{"start":{"line":31,"column":2},"end":{"line":31,"column":3}},"loc":{"start":{"line":32,"column":5},"end":{"line":39,"column":5}},"line":32},"3":{"name":"(anonymous_3)","decl":{"start":{"line":42,"column":29},"end":{"line":42,"column":30}},"loc":{"start":{"line":43,"column":3},"end":{"line":45,"column":3}},"line":43},"4":{"name":"(anonymous_4)","decl":{"start":{"line":48,"column":2},"end":{"line":48,"column":3}},"loc":{"start":{"line":49,"column":5},"end":{"line":51,"column":5}},"line":49},"5":{"name":"(anonymous_5)","decl":{"start":{"line":52,"column":2},"end":{"line":52,"column":3}},"loc":{"start":{"line":53,"column":5},"end":{"line":57,"column":5}},"line":53},"6":{"name":"(anonymous_6)","decl":{"start":{"line":60,"column":34},"end":{"line":60,"column":35}},"loc":{"start":{"line":61,"column":3},"end":{"line":63,"column":3}},"line":61},"7":{"name":"(anonymous_7)","decl":{"start":{"line":68,"column":2},"end":{"line":68,"column":3}},"loc":{"start":{"line":69,"column":5},"end":{"line":73,"column":5}},"line":69},"8":{"name":"(anonymous_8)","decl":{"start":{"line":78,"column":2},"end":{"line":78,"column":3}},"loc":{"start":{"line":79,"column":5},"end":{"line":83,"column":5}},"line":79},"9":{"name":"(anonymous_9)","decl":{"start":{"line":88,"column":2},"end":{"line":88,"column":3}},"loc":{"start":{"line":89,"column":5},"end":{"line":93,"column":5}},"line":89},"10":{"name":"(anonymous_10)","decl":{"start":{"line":97,"column":2},"end":{"line":97,"column":3}},"loc":{"start":{"line":98,"column":5},"end":{"line":100,"column":5}},"line":98},"11":{"name":"(anonymous_11)","decl":{"start":{"line":101,"column":2},"end":{"line":101,"column":3}},"loc":{"start":{"line":102,"column":5},"end":{"line":109,"column":5}},"line":102},"12":{"name":"(anonymous_12)","decl":{"start":{"line":112,"column":28},"end":{"line":112,"column":29}},"loc":{"start":{"line":113,"column":3},"end":{"line":115,"column":3}},"line":113}},"branchMap":{},"s":{"0":1,"1":0,"2":0,"3":1,"4":0,"5":0,"6":0,"7":0,"8":1,"9":0,"10":1,"11":0,"12":0,"13":0,"14":1,"15":0,"16":1,"17":0,"18":0,"19":1,"20":0,"21":0,"22":1,"23":0,"24":0,"25":1,"26":0,"27":0,"28":0,"29":0,"30":1,"31":0},"f":{"0":0,"1":0,"2":0,"3":0,"4":0,"5":0,"6":0,"7":0,"8":0,"9":0,"10":0,"11":0,"12":0},"b":{},"_coverageSchema":"332fd63041d2c1bcb487cc26dd0d5f7d97098a6c","hash":"489d483ed53bf658e630f02c857b2d08b57baccb"}
,"C:\\Users\\reida\\wildALmondz\\wildalmondz_060218\\mysqlauth\\src\\components\\ui\\AddColorForm.js": {"path":"C:\\Users\\reida\\wildALmondz\\wildalmondz_060218\\mysqlauth\\src\\components\\ui\\AddColorForm.js","statementMap":{"0":{"start":{"line":7,"column":4},"end":{"line":7,"column":16}},"1":{"start":{"line":8,"column":4},"end":{"line":8,"column":40}},"2":{"start":{"line":12,"column":31},"end":{"line":12,"column":40}},"3":{"start":{"line":13,"column":27},"end":{"line":13,"column":37}},"4":{"start":{"line":14,"column":4},"end":{"line":14,"column":23}},"5":{"start":{"line":15,"column":4},"end":{"line":15,"column":43}},"6":{"start":{"line":16,"column":4},"end":{"line":16,"column":22}},"7":{"start":{"line":17,"column":4},"end":{"line":17,"column":29}},"8":{"start":{"line":18,"column":4},"end":{"line":18,"column":19}},"9":{"start":{"line":22,"column":4},"end":{"line":37,"column":6}},"10":{"start":{"line":41,"column":0},"end":{"line":43,"column":2}},"11":{"start":{"line":45,"column":0},"end":{"line":47,"column":2}},"12":{"start":{"line":46,"column":19},"end":{"line":46,"column":20}}},"fnMap":{"0":{"name":"(anonymous_0)","decl":{"start":{"line":6,"column":2},"end":{"line":6,"column":3}},"loc":{"start":{"line":6,"column":21},"end":{"line":9,"column":3}},"line":6},"1":{"name":"(anonymous_1)","decl":{"start":{"line":11,"column":2},"end":{"line":11,"column":3}},"loc":{"start":{"line":11,"column":12},"end":{"line":19,"column":3}},"line":11},"2":{"name":"(anonymous_2)","decl":{"start":{"line":21,"column":2},"end":{"line":21,"column":3}},"loc":{"start":{"line":21,"column":11},"end":{"line":38,"column":3}},"line":21},"3":{"name":"(anonymous_3)","decl":{"start":{"line":46,"column":14},"end":{"line":46,"column":15}},"loc":{"start":{"line":46,"column":19},"end":{"line":46,"column":20}},"line":46}},"branchMap":{},"s":{"0":3,"1":3,"2":2,"3":2,"4":2,"5":2,"6":2,"7":2,"8":2,"9":3,"10":2,"11":2,"12":1},"f":{"0":3,"1":2,"2":3,"3":1},"b":{},"_coverageSchema":"332fd63041d2c1bcb487cc26dd0d5f7d97098a6c","hash":"d2cb5a4eef9fde80fbfbe44b775d5468eb5674e4"}
,"C:\\Users\\reida\\wildALmondz\\wildalmondz_060218\\mysqlauth\\src\\components\\ui\\AddGameForm.js": {"path":"C:\\Users\\reida\\wildALmondz\\wildalmondz_060218\\mysqlauth\\src\\components\\ui\\AddGameForm.js","statementMap":{"0":{"start":{"line":7,"column":4},"end":{"line":7,"column":17}},"1":{"start":{"line":8,"column":4},"end":{"line":8,"column":41}},"2":{"start":{"line":12,"column":31},"end":{"line":12,"column":40}},"3":{"start":{"line":13,"column":26},"end":{"line":13,"column":36}},"4":{"start":{"line":14,"column":4},"end":{"line":14,"column":23}},"5":{"start":{"line":15,"column":4},"end":{"line":15,"column":42}},"6":{"start":{"line":16,"column":4},"end":{"line":16,"column":22}},"7":{"start":{"line":17,"column":4},"end":{"line":17,"column":29}},"8":{"start":{"line":18,"column":4},"end":{"line":18,"column":19}},"9":{"start":{"line":22,"column":4},"end":{"line":37,"column":6}},"10":{"start":{"line":41,"column":0},"end":{"line":43,"column":2}},"11":{"start":{"line":45,"column":0},"end":{"line":47,"column":2}},"12":{"start":{"line":46,"column":18},"end":{"line":46,"column":19}}},"fnMap":{"0":{"name":"(anonymous_0)","decl":{"start":{"line":6,"column":2},"end":{"line":6,"column":3}},"loc":{"start":{"line":6,"column":21},"end":{"line":9,"column":3}},"line":6},"1":{"name":"(anonymous_1)","decl":{"start":{"line":11,"column":2},"end":{"line":11,"column":3}},"loc":{"start":{"line":11,"column":12},"end":{"line":19,"column":3}},"line":11},"2":{"name":"(anonymous_2)","decl":{"start":{"line":21,"column":2},"end":{"line":21,"column":3}},"loc":{"start":{"line":21,"column":11},"end":{"line":38,"column":3}},"line":21},"3":{"name":"(anonymous_3)","decl":{"start":{"line":46,"column":13},"end":{"line":46,"column":14}},"loc":{"start":{"line":46,"column":18},"end":{"line":46,"column":19}},"line":46}},"branchMap":{},"s":{"0":0,"1":0,"2":0,"3":0,"4":0,"5":0,"6":0,"7":0,"8":0,"9":0,"10":1,"11":1,"12":0},"f":{"0":0,"1":0,"2":0,"3":0},"b":{},"_coverageSchema":"332fd63041d2c1bcb487cc26dd0d5f7d97098a6c","hash":"070c6a6b0b567d354d2fa5e419375c345e697521"}
,"C:\\Users\\reida\\wildALmondz\\wildalmondz_060218\\mysqlauth\\src\\components\\ui\\AddUserForm.js": {"path":"C:\\Users\\reida\\wildALmondz\\wildalmondz_060218\\mysqlauth\\src\\components\\ui\\AddUserForm.js","statementMap":{"0":{"start":{"line":7,"column":4},"end":{"line":7,"column":17}},"1":{"start":{"line":8,"column":4},"end":{"line":8,"column":41}},"2":{"start":{"line":14,"column":8},"end":{"line":14,"column":17}},"3":{"start":{"line":15,"column":26},"end":{"line":15,"column":36}},"4":{"start":{"line":16,"column":4},"end":{"line":16,"column":23}},"5":{"start":{"line":17,"column":4},"end":{"line":17,"column":80}},"6":{"start":{"line":18,"column":4},"end":{"line":18,"column":22}},"7":{"start":{"line":19,"column":4},"end":{"line":19,"column":26}},"8":{"start":{"line":20,"column":4},"end":{"line":20,"column":25}},"9":{"start":{"line":21,"column":4},"end":{"line":21,"column":25}},"10":{"start":{"line":22,"column":4},"end":{"line":22,"column":19}},"11":{"start":{"line":26,"column":4},"end":{"line":36,"column":6}},"12":{"start":{"line":40,"column":0},"end":{"line":42,"column":2}},"13":{"start":{"line":44,"column":0},"end":{"line":46,"column":2}},"14":{"start":{"line":45,"column":18},"end":{"line":45,"column":19}}},"fnMap":{"0":{"name":"(anonymous_0)","decl":{"start":{"line":6,"column":2},"end":{"line":6,"column":3}},"loc":{"start":{"line":6,"column":21},"end":{"line":9,"column":3}},"line":6},"1":{"name":"(anonymous_1)","decl":{"start":{"line":11,"column":2},"end":{"line":11,"column":3}},"loc":{"start":{"line":11,"column":12},"end":{"line":23,"column":3}},"line":11},"2":{"name":"(anonymous_2)","decl":{"start":{"line":25,"column":2},"end":{"line":25,"column":3}},"loc":{"start":{"line":25,"column":11},"end":{"line":37,"column":3}},"line":25},"3":{"name":"(anonymous_3)","decl":{"start":{"line":45,"column":13},"end":{"line":45,"column":14}},"loc":{"start":{"line":45,"column":18},"end":{"line":45,"column":19}},"line":45}},"branchMap":{},"s":{"0":0,"1":0,"2":0,"3":0,"4":0,"5":0,"6":0,"7":0,"8":0,"9":0,"10":0,"11":0,"12":1,"13":1,"14":0},"f":{"0":0,"1":0,"2":0,"3":0},"b":{},"_coverageSchema":"332fd63041d2c1bcb487cc26dd0d5f7d97098a6c","hash":"b3c3744a7c9f0490d0dd1d16025694876b1dccb4"}
,"C:\\Users\\reida\\wildALmondz\\wildalmondz_060218\\mysqlauth\\src\\components\\ui\\Color.js": {"path":"C:\\Users\\reida\\wildALmondz\\wildalmondz_060218\\mysqlauth\\src\\components\\ui\\Color.js","statementMap":{"0":{"start":{"line":12,"column":8},"end":{"line":12,"column":18}},"1":{"start":{"line":13,"column":4},"end":{"line":33,"column":6}},"2":{"start":{"line":17,"column":25},"end":{"line":17,"column":47}},"3":{"start":{"line":25,"column":25},"end":{"line":25,"column":47}},"4":{"start":{"line":37,"column":0},"end":{"line":43,"column":2}},"5":{"start":{"line":45,"column":0},"end":{"line":49,"column":2}},"6":{"start":{"line":47,"column":17},"end":{"line":47,"column":18}},"7":{"start":{"line":48,"column":15},"end":{"line":48,"column":16}}},"fnMap":{"0":{"name":"(anonymous_0)","decl":{"start":{"line":9,"column":2},"end":{"line":9,"column":3}},"loc":{"start":{"line":9,"column":11},"end":{"line":34,"column":3}},"line":9},"1":{"name":"(anonymous_1)","decl":{"start":{"line":17,"column":19},"end":{"line":17,"column":20}},"loc":{"start":{"line":17,"column":25},"end":{"line":17,"column":47}},"line":17},"2":{"name":"(anonymous_2)","decl":{"start":{"line":25,"column":19},"end":{"line":25,"column":20}},"loc":{"start":{"line":25,"column":25},"end":{"line":25,"column":47}},"line":25},"3":{"name":"(anonymous_3)","decl":{"start":{"line":47,"column":12},"end":{"line":47,"column":13}},"loc":{"start":{"line":47,"column":17},"end":{"line":47,"column":18}},"line":47},"4":{"name":"(anonymous_4)","decl":{"start":{"line":48,"column":10},"end":{"line":48,"column":11}},"loc":{"start":{"line":48,"column":15},"end":{"line":48,"column":16}},"line":48}},"branchMap":{},"s":{"0":3,"1":3,"2":0,"3":0,"4":2,"5":2,"6":1,"7":1},"f":{"0":3,"1":0,"2":0,"3":1,"4":1},"b":{},"_coverageSchema":"332fd63041d2c1bcb487cc26dd0d5f7d97098a6c","hash":"201dfea511eb8c74ac494b2f47c88967867faa68"}
,"C:\\Users\\reida\\wildALmondz\\wildalmondz_060218\\mysqlauth\\src\\components\\ui\\ColorDetails.js": {"path":"C:\\Users\\reida\\wildALmondz\\wildalmondz_060218\\mysqlauth\\src\\components\\ui\\ColorDetails.js","statementMap":{"0":{"start":{"line":5,"column":21},"end":{"line":13,"column":14}},"1":{"start":{"line":6,"column":4},"end":{"line":13,"column":14}},"2":{"start":{"line":10,"column":28},"end":{"line":10,"column":44}},"3":{"start":{"line":15,"column":0},"end":{"line":18,"column":1}}},"fnMap":{"0":{"name":"(anonymous_0)","decl":{"start":{"line":5,"column":21},"end":{"line":5,"column":22}},"loc":{"start":{"line":6,"column":4},"end":{"line":13,"column":14}},"line":6},"1":{"name":"(anonymous_1)","decl":{"start":{"line":10,"column":22},"end":{"line":10,"column":23}},"loc":{"start":{"line":10,"column":28},"end":{"line":10,"column":44}},"line":10}},"branchMap":{"0":{"loc":{"start":{"line":6,"column":4},"end":{"line":13,"column":14}},"type":"cond-expr","locations":[{"start":{"line":7,"column":8},"end":{"line":7,"column":40}},{"start":{"line":8,"column":8},"end":{"line":13,"column":14}}],"line":6}},"s":{"0":1,"1":0,"2":0,"3":1},"f":{"0":0,"1":0},"b":{"0":[0,0]},"_coverageSchema":"332fd63041d2c1bcb487cc26dd0d5f7d97098a6c","hash":"60a6d903e8d03951a1faeeb8f483881bd408068b"}
,"C:\\Users\\reida\\wildALmondz\\wildalmondz_060218\\mysqlauth\\src\\components\\ui\\ColorList.js": {"path":"C:\\Users\\reida\\wildALmondz\\wildalmondz_060218\\mysqlauth\\src\\components\\ui\\ColorList.js","statementMap":{"0":{"start":{"line":5,"column":18},"end":{"line":17,"column":10}},"1":{"start":{"line":5,"column":48},"end":{"line":5,"column":49}},"2":{"start":{"line":5,"column":67},"end":{"line":5,"column":68}},"3":{"start":{"line":6,"column":3},"end":{"line":17,"column":9}},"4":{"start":{"line":10,"column":17},"end":{"line":15,"column":18}},"5":{"start":{"line":13,"column":36},"end":{"line":13,"column":60}},"6":{"start":{"line":14,"column":34},"end":{"line":14,"column":52}},"7":{"start":{"line":19,"column":0},"end":{"line":23,"column":2}}},"fnMap":{"0":{"name":"(anonymous_0)","decl":{"start":{"line":5,"column":18},"end":{"line":5,"column":19}},"loc":{"start":{"line":6,"column":3},"end":{"line":17,"column":9}},"line":6},"1":{"name":"(anonymous_1)","decl":{"start":{"line":5,"column":43},"end":{"line":5,"column":44}},"loc":{"start":{"line":5,"column":48},"end":{"line":5,"column":49}},"line":5},"2":{"name":"(anonymous_2)","decl":{"start":{"line":5,"column":62},"end":{"line":5,"column":63}},"loc":{"start":{"line":5,"column":67},"end":{"line":5,"column":68}},"line":5},"3":{"name":"(anonymous_3)","decl":{"start":{"line":9,"column":23},"end":{"line":9,"column":24}},"loc":{"start":{"line":10,"column":17},"end":{"line":15,"column":18}},"line":10},"4":{"name":"(anonymous_4)","decl":{"start":{"line":13,"column":26},"end":{"line":13,"column":27}},"loc":{"start":{"line":13,"column":36},"end":{"line":13,"column":60}},"line":13},"5":{"name":"(anonymous_5)","decl":{"start":{"line":14,"column":28},"end":{"line":14,"column":29}},"loc":{"start":{"line":14,"column":34},"end":{"line":14,"column":52}},"line":14}},"branchMap":{"0":{"loc":{"start":{"line":5,"column":21},"end":{"line":5,"column":32}},"type":"default-arg","locations":[{"start":{"line":5,"column":30},"end":{"line":5,"column":32}}],"line":5},"1":{"loc":{"start":{"line":5,"column":34},"end":{"line":5,"column":49}},"type":"default-arg","locations":[{"start":{"line":5,"column":43},"end":{"line":5,"column":49}}],"line":5},"2":{"loc":{"start":{"line":5,"column":51},"end":{"line":5,"column":68}},"type":"default-arg","locations":[{"start":{"line":5,"column":62},"end":{"line":5,"column":68}}],"line":5},"3":{"loc":{"start":{"line":7,"column":5},"end":{"line":15,"column":20}},"type":"cond-expr","locations":[{"start":{"line":8,"column":6},"end":{"line":8,"column":44}},{"start":{"line":9,"column":12},"end":{"line":15,"column":20}}],"line":7}},"s":{"0":2,"1":1,"2":1,"3":6,"4":15,"5":2,"6":2,"7":2},"f":{"0":6,"1":1,"2":1,"3":15,"4":2,"5":2},"b":{"0":[1],"1":[5],"2":[5],"3":[1,5]},"_coverageSchema":"332fd63041d2c1bcb487cc26dd0d5f7d97098a6c","hash":"f530ea109b65ca0b8491f10e881f77ee7326a86e"}
,"C:\\Users\\reida\\wildALmondz\\wildalmondz_060218\\mysqlauth\\src\\components\\ui\\Game.js": {"path":"C:\\Users\\reida\\wildALmondz\\wildalmondz_060218\\mysqlauth\\src\\components\\ui\\Game.js","statementMap":{"0":{"start":{"line":12,"column":8},"end":{"line":12,"column":18}},"1":{"start":{"line":13,"column":4},"end":{"line":29,"column":6}},"2":{"start":{"line":21,"column":25},"end":{"line":21,"column":47}},"3":{"start":{"line":33,"column":0},"end":{"line":39,"column":2}},"4":{"start":{"line":41,"column":0},"end":{"line":45,"column":2}},"5":{"start":{"line":43,"column":17},"end":{"line":43,"column":18}},"6":{"start":{"line":44,"column":15},"end":{"line":44,"column":16}}},"fnMap":{"0":{"name":"(anonymous_0)","decl":{"start":{"line":9,"column":2},"end":{"line":9,"column":3}},"loc":{"start":{"line":9,"column":11},"end":{"line":30,"column":3}},"line":9},"1":{"name":"(anonymous_1)","decl":{"start":{"line":21,"column":19},"end":{"line":21,"column":20}},"loc":{"start":{"line":21,"column":25},"end":{"line":21,"column":47}},"line":21},"2":{"name":"(anonymous_2)","decl":{"start":{"line":43,"column":12},"end":{"line":43,"column":13}},"loc":{"start":{"line":43,"column":17},"end":{"line":43,"column":18}},"line":43},"3":{"name":"(anonymous_3)","decl":{"start":{"line":44,"column":10},"end":{"line":44,"column":11}},"loc":{"start":{"line":44,"column":15},"end":{"line":44,"column":16}},"line":44}},"branchMap":{},"s":{"0":3,"1":3,"2":0,"3":3,"4":3,"5":1,"6":1},"f":{"0":3,"1":0,"2":1,"3":1},"b":{},"_coverageSchema":"332fd63041d2c1bcb487cc26dd0d5f7d97098a6c","hash":"4822a73461fad1d3c70678917d0324094e3997c5"}
,"C:\\Users\\reida\\wildALmondz\\wildalmondz_060218\\mysqlauth\\src\\components\\ui\\GameDetails.js": {"path":"C:\\Users\\reida\\wildALmondz\\wildalmondz_060218\\mysqlauth\\src\\components\\ui\\GameDetails.js","statementMap":{"0":{"start":{"line":5,"column":20},"end":{"line":13,"column":14}},"1":{"start":{"line":6,"column":4},"end":{"line":13,"column":14}},"2":{"start":{"line":10,"column":28},"end":{"line":10,"column":44}},"3":{"start":{"line":15,"column":0},"end":{"line":18,"column":1}}},"fnMap":{"0":{"name":"(anonymous_0)","decl":{"start":{"line":5,"column":20},"end":{"line":5,"column":21}},"loc":{"start":{"line":6,"column":4},"end":{"line":13,"column":14}},"line":6},"1":{"name":"(anonymous_1)","decl":{"start":{"line":10,"column":22},"end":{"line":10,"column":23}},"loc":{"start":{"line":10,"column":28},"end":{"line":10,"column":44}},"line":10}},"branchMap":{"0":{"loc":{"start":{"line":6,"column":4},"end":{"line":13,"column":14}},"type":"cond-expr","locations":[{"start":{"line":7,"column":8},"end":{"line":7,"column":40}},{"start":{"line":8,"column":8},"end":{"line":13,"column":14}}],"line":6}},"s":{"0":1,"1":0,"2":0,"3":1},"f":{"0":0,"1":0},"b":{"0":[0,0]},"_coverageSchema":"332fd63041d2c1bcb487cc26dd0d5f7d97098a6c","hash":"10f70eadc603cd1d813c4e0b7569c798202dca6e"}
,"C:\\Users\\reida\\wildALmondz\\wildalmondz_060218\\mysqlauth\\src\\components\\ui\\GameList.js": {"path":"C:\\Users\\reida\\wildALmondz\\wildalmondz_060218\\mysqlauth\\src\\components\\ui\\GameList.js","statementMap":{"0":{"start":{"line":5,"column":17},"end":{"line":17,"column":10}},"1":{"start":{"line":5,"column":46},"end":{"line":5,"column":47}},"2":{"start":{"line":5,"column":65},"end":{"line":5,"column":66}},"3":{"start":{"line":6,"column":3},"end":{"line":17,"column":9}},"4":{"start":{"line":10,"column":17},"end":{"line":15,"column":18}},"5":{"start":{"line":13,"column":36},"end":{"line":13,"column":59}},"6":{"start":{"line":14,"column":34},"end":{"line":14,"column":51}},"7":{"start":{"line":19,"column":0},"end":{"line":23,"column":2}}},"fnMap":{"0":{"name":"(anonymous_0)","decl":{"start":{"line":5,"column":17},"end":{"line":5,"column":18}},"loc":{"start":{"line":6,"column":3},"end":{"line":17,"column":9}},"line":6},"1":{"name":"(anonymous_1)","decl":{"start":{"line":5,"column":41},"end":{"line":5,"column":42}},"loc":{"start":{"line":5,"column":46},"end":{"line":5,"column":47}},"line":5},"2":{"name":"(anonymous_2)","decl":{"start":{"line":5,"column":60},"end":{"line":5,"column":61}},"loc":{"start":{"line":5,"column":65},"end":{"line":5,"column":66}},"line":5},"3":{"name":"(anonymous_3)","decl":{"start":{"line":9,"column":22},"end":{"line":9,"column":23}},"loc":{"start":{"line":10,"column":17},"end":{"line":15,"column":18}},"line":10},"4":{"name":"(anonymous_4)","decl":{"start":{"line":13,"column":26},"end":{"line":13,"column":27}},"loc":{"start":{"line":13,"column":36},"end":{"line":13,"column":59}},"line":13},"5":{"name":"(anonymous_5)","decl":{"start":{"line":14,"column":28},"end":{"line":14,"column":29}},"loc":{"start":{"line":14,"column":34},"end":{"line":14,"column":51}},"line":14}},"branchMap":{"0":{"loc":{"start":{"line":5,"column":20},"end":{"line":5,"column":30}},"type":"default-arg","locations":[{"start":{"line":5,"column":28},"end":{"line":5,"column":30}}],"line":5},"1":{"loc":{"start":{"line":5,"column":32},"end":{"line":5,"column":47}},"type":"default-arg","locations":[{"start":{"line":5,"column":41},"end":{"line":5,"column":47}}],"line":5},"2":{"loc":{"start":{"line":5,"column":49},"end":{"line":5,"column":66}},"type":"default-arg","locations":[{"start":{"line":5,"column":60},"end":{"line":5,"column":66}}],"line":5},"3":{"loc":{"start":{"line":7,"column":5},"end":{"line":15,"column":20}},"type":"cond-expr","locations":[{"start":{"line":8,"column":6},"end":{"line":8,"column":42}},{"start":{"line":9,"column":12},"end":{"line":15,"column":20}}],"line":7}},"s":{"0":2,"1":0,"2":0,"3":2,"4":0,"5":0,"6":0,"7":2},"f":{"0":2,"1":0,"2":0,"3":0,"4":0,"5":0},"b":{"0":[2],"1":[2],"2":[2],"3":[2,0]},"_coverageSchema":"332fd63041d2c1bcb487cc26dd0d5f7d97098a6c","hash":"0af728fe59e59de83956cbad6f68c77037e33061"}
,"C:\\Users\\reida\\wildALmondz\\wildalmondz_060218\\mysqlauth\\src\\components\\ui\\Menu.js": {"path":"C:\\Users\\reida\\wildALmondz\\wildalmondz_060218\\mysqlauth\\src\\components\\ui\\Menu.js","statementMap":{"0":{"start":{"line":5,"column":22},"end":{"line":5,"column":38}},"1":{"start":{"line":7,"column":13},"end":{"line":12,"column":10}},"2":{"start":{"line":8,"column":4},"end":{"line":12,"column":10}},"3":{"start":{"line":14,"column":0},"end":{"line":16,"column":1}}},"fnMap":{"0":{"name":"(anonymous_0)","decl":{"start":{"line":7,"column":13},"end":{"line":7,"column":14}},"loc":{"start":{"line":8,"column":4},"end":{"line":12,"column":10}},"line":8}},"branchMap":{"0":{"loc":{"start":{"line":9,"column":34},"end":{"line":9,"column":69}},"type":"cond-expr","locations":[{"start":{"line":9,"column":51},"end":{"line":9,"column":64}},{"start":{"line":9,"column":67},"end":{"line":9,"column":69}}],"line":9}},"s":{"0":1,"1":1,"2":0,"3":1},"f":{"0":0},"b":{"0":[0,0]},"_coverageSchema":"332fd63041d2c1bcb487cc26dd0d5f7d97098a6c","hash":"61cc54b7c153926dff16a45aa7eeedf943ca740f"}
,"C:\\Users\\reida\\wildALmondz\\wildalmondz_060218\\mysqlauth\\src\\components\\ui\\NavMenu.js": {"path":"C:\\Users\\reida\\wildALmondz\\wildalmondz_060218\\mysqlauth\\src\\components\\ui\\NavMenu.js","statementMap":{"0":{"start":{"line":5,"column":22},"end":{"line":5,"column":38}},"1":{"start":{"line":7,"column":16},"end":{"line":13,"column":14}},"2":{"start":{"line":8,"column":4},"end":{"line":13,"column":14}},"3":{"start":{"line":15,"column":0},"end":{"line":17,"column":1}}},"fnMap":{"0":{"name":"(anonymous_0)","decl":{"start":{"line":7,"column":16},"end":{"line":7,"column":17}},"loc":{"start":{"line":8,"column":4},"end":{"line":13,"column":14}},"line":8}},"branchMap":{},"s":{"0":1,"1":1,"2":0,"3":1},"f":{"0":0},"b":{},"_coverageSchema":"332fd63041d2c1bcb487cc26dd0d5f7d97098a6c","hash":"faca53ab9247740d868ce5e8064231977960a452"}
,"C:\\Users\\reida\\wildALmondz\\wildalmondz_060218\\mysqlauth\\src\\components\\ui\\Star.js": {"path":"C:\\Users\\reida\\wildALmondz\\wildalmondz_060218\\mysqlauth\\src\\components\\ui\\Star.js","statementMap":{"0":{"start":{"line":4,"column":13},"end":{"line":8,"column":5}},"1":{"start":{"line":4,"column":49},"end":{"line":4,"column":50}},"2":{"start":{"line":5,"column":3},"end":{"line":8,"column":4}},"3":{"start":{"line":10,"column":0},"end":{"line":13,"column":2}}},"fnMap":{"0":{"name":"(anonymous_0)","decl":{"start":{"line":4,"column":13},"end":{"line":4,"column":14}},"loc":{"start":{"line":5,"column":3},"end":{"line":8,"column":4}},"line":5},"1":{"name":"(anonymous_1)","decl":{"start":{"line":4,"column":44},"end":{"line":4,"column":45}},"loc":{"start":{"line":4,"column":49},"end":{"line":4,"column":50}},"line":4}},"branchMap":{"0":{"loc":{"start":{"line":4,"column":16},"end":{"line":4,"column":32}},"type":"default-arg","locations":[{"start":{"line":4,"column":27},"end":{"line":4,"column":32}}],"line":4},"1":{"loc":{"start":{"line":4,"column":34},"end":{"line":4,"column":50}},"type":"default-arg","locations":[{"start":{"line":4,"column":44},"end":{"line":4,"column":50}}],"line":4},"2":{"loc":{"start":{"line":6,"column":15},"end":{"line":6,"column":52}},"type":"cond-expr","locations":[{"start":{"line":6,"column":28},"end":{"line":6,"column":43}},{"start":{"line":6,"column":46},"end":{"line":6,"column":52}}],"line":6}},"s":{"0":4,"1":0,"2":20,"3":4},"f":{"0":20,"1":0},"b":{"0":[0],"1":[0],"2":[0,20]},"_coverageSchema":"332fd63041d2c1bcb487cc26dd0d5f7d97098a6c","hash":"0103ae1f36e049c079ed7fd4da207fd98b87f657"}
,"C:\\Users\\reida\\wildALmondz\\wildalmondz_060218\\mysqlauth\\src\\components\\ui\\StarRating.js": {"path":"C:\\Users\\reida\\wildALmondz\\wildalmondz_060218\\mysqlauth\\src\\components\\ui\\StarRating.js","statementMap":{"0":{"start":{"line":4,"column":19},"end":{"line":13,"column":10}},"1":{"start":{"line":4,"column":71},"end":{"line":4,"column":72}},"2":{"start":{"line":5,"column":3},"end":{"line":13,"column":9}},"3":{"start":{"line":7,"column":13},"end":{"line":11,"column":14}},"4":{"start":{"line":10,"column":29},"end":{"line":10,"column":42}},"5":{"start":{"line":15,"column":0},"end":{"line":19,"column":2}},"6":{"start":{"line":21,"column":0},"end":{"line":21,"column":38}}},"fnMap":{"0":{"name":"(anonymous_0)","decl":{"start":{"line":4,"column":19},"end":{"line":4,"column":20}},"loc":{"start":{"line":5,"column":3},"end":{"line":13,"column":9}},"line":5},"1":{"name":"(anonymous_1)","decl":{"start":{"line":4,"column":66},"end":{"line":4,"column":67}},"loc":{"start":{"line":4,"column":71},"end":{"line":4,"column":72}},"line":4},"2":{"name":"(anonymous_2)","decl":{"start":{"line":6,"column":32},"end":{"line":6,"column":33}},"loc":{"start":{"line":7,"column":13},"end":{"line":11,"column":14}},"line":7},"3":{"name":"(anonymous_3)","decl":{"start":{"line":10,"column":23},"end":{"line":10,"column":24}},"loc":{"start":{"line":10,"column":29},"end":{"line":10,"column":42}},"line":10}},"branchMap":{"0":{"loc":{"start":{"line":4,"column":22},"end":{"line":4,"column":39}},"type":"default-arg","locations":[{"start":{"line":4,"column":38},"end":{"line":4,"column":39}}],"line":4},"1":{"loc":{"start":{"line":4,"column":41},"end":{"line":4,"column":55}},"type":"default-arg","locations":[{"start":{"line":4,"column":54},"end":{"line":4,"column":55}}],"line":4},"2":{"loc":{"start":{"line":4,"column":57},"end":{"line":4,"column":72}},"type":"default-arg","locations":[{"start":{"line":4,"column":66},"end":{"line":4,"column":72}}],"line":4}},"s":{"0":4,"1":0,"2":4,"3":20,"4":2,"5":4,"6":4},"f":{"0":4,"1":0,"2":20,"3":2},"b":{"0":[0],"1":[4],"2":[0]},"_coverageSchema":"332fd63041d2c1bcb487cc26dd0d5f7d97098a6c","hash":"8bb9fbd1a427fef25e80eb168ddc55ad69cbb234"}
,"C:\\Users\\reida\\wildALmondz\\wildalmondz_060218\\mysqlauth\\src\\components\\ui\\TimeAgo.js": {"path":"C:\\Users\\reida\\wildALmondz\\wildalmondz_060218\\mysqlauth\\src\\components\\ui\\TimeAgo.js","statementMap":{"0":{"start":{"line":3,"column":16},"end":{"line":6,"column":9}},"1":{"start":{"line":4,"column":3},"end":{"line":6,"column":8}},"2":{"start":{"line":8,"column":0},"end":{"line":8,"column":32}}},"fnMap":{"0":{"name":"(anonymous_0)","decl":{"start":{"line":3,"column":16},"end":{"line":3,"column":17}},"loc":{"start":{"line":4,"column":3},"end":{"line":6,"column":8}},"line":4}},"branchMap":{},"s":{"0":4,"1":4,"2":4},"f":{"0":4},"b":{},"_coverageSchema":"332fd63041d2c1bcb487cc26dd0d5f7d97098a6c","hash":"eb7af68e212c780a50caf037438cd238c6bddafb"}
,"C:\\Users\\reida\\wildALmondz\\wildalmondz_060218\\mysqlauth\\src\\components\\ui\\Tournament.js": {"path":"C:\\Users\\reida\\wildALmondz\\wildalmondz_060218\\mysqlauth\\src\\components\\ui\\Tournament.js","statementMap":{"0":{"start":{"line":9,"column":44},"end":{"line":9,"column":54}},"1":{"start":{"line":10,"column":4},"end":{"line":25,"column":6}},"2":{"start":{"line":14,"column":25},"end":{"line":14,"column":47}},"3":{"start":{"line":22,"column":25},"end":{"line":22,"column":47}},"4":{"start":{"line":29,"column":0},"end":{"line":33,"column":2}},"5":{"start":{"line":35,"column":0},"end":{"line":37,"column":1}},"6":{"start":{"line":36,"column":15},"end":{"line":36,"column":16}}},"fnMap":{"0":{"name":"(anonymous_0)","decl":{"start":{"line":8,"column":2},"end":{"line":8,"column":3}},"loc":{"start":{"line":8,"column":11},"end":{"line":26,"column":3}},"line":8},"1":{"name":"(anonymous_1)","decl":{"start":{"line":14,"column":19},"end":{"line":14,"column":20}},"loc":{"start":{"line":14,"column":25},"end":{"line":14,"column":47}},"line":14},"2":{"name":"(anonymous_2)","decl":{"start":{"line":22,"column":19},"end":{"line":22,"column":20}},"loc":{"start":{"line":22,"column":25},"end":{"line":22,"column":47}},"line":22},"3":{"name":"(anonymous_3)","decl":{"start":{"line":36,"column":12},"end":{"line":36,"column":13}},"loc":{"start":{"line":36,"column":15},"end":{"line":36,"column":16}},"line":36}},"branchMap":{},"s":{"0":0,"1":0,"2":0,"3":0,"4":2,"5":2,"6":0},"f":{"0":0,"1":0,"2":0,"3":0},"b":{},"_coverageSchema":"332fd63041d2c1bcb487cc26dd0d5f7d97098a6c","hash":"a5280f09d0824c86aa67ecde20183502795c14e3"}
,"C:\\Users\\reida\\wildALmondz\\wildalmondz_060218\\mysqlauth\\src\\components\\ui\\TournamentDetails.js": {"path":"C:\\Users\\reida\\wildALmondz\\wildalmondz_060218\\mysqlauth\\src\\components\\ui\\TournamentDetails.js","statementMap":{"0":{"start":{"line":5,"column":26},"end":{"line":12,"column":14}},"1":{"start":{"line":6,"column":4},"end":{"line":12,"column":14}},"2":{"start":{"line":9,"column":28},"end":{"line":9,"column":44}},"3":{"start":{"line":14,"column":0},"end":{"line":17,"column":1}}},"fnMap":{"0":{"name":"(anonymous_0)","decl":{"start":{"line":5,"column":26},"end":{"line":5,"column":27}},"loc":{"start":{"line":6,"column":4},"end":{"line":12,"column":14}},"line":6},"1":{"name":"(anonymous_1)","decl":{"start":{"line":9,"column":22},"end":{"line":9,"column":23}},"loc":{"start":{"line":9,"column":28},"end":{"line":9,"column":44}},"line":9}},"branchMap":{"0":{"loc":{"start":{"line":6,"column":4},"end":{"line":12,"column":14}},"type":"cond-expr","locations":[{"start":{"line":7,"column":8},"end":{"line":7,"column":40}},{"start":{"line":8,"column":8},"end":{"line":12,"column":14}}],"line":6}},"s":{"0":1,"1":0,"2":0,"3":1},"f":{"0":0,"1":0},"b":{"0":[0,0]},"_coverageSchema":"332fd63041d2c1bcb487cc26dd0d5f7d97098a6c","hash":"84c4d614f4c487c35ab793066caf72d1972c6904"}
,"C:\\Users\\reida\\wildALmondz\\wildalmondz_060218\\mysqlauth\\src\\components\\ui\\TournamentList.js": {"path":"C:\\Users\\reida\\wildALmondz\\wildalmondz_060218\\mysqlauth\\src\\components\\ui\\TournamentList.js","statementMap":{"0":{"start":{"line":5,"column":23},"end":{"line":15,"column":10}},"1":{"start":{"line":5,"column":58},"end":{"line":5,"column":59}},"2":{"start":{"line":5,"column":77},"end":{"line":5,"column":78}},"3":{"start":{"line":6,"column":3},"end":{"line":15,"column":9}},"4":{"start":{"line":10,"column":17},"end":{"line":13,"column":18}},"5":{"start":{"line":17,"column":0},"end":{"line":21,"column":2}}},"fnMap":{"0":{"name":"(anonymous_0)","decl":{"start":{"line":5,"column":23},"end":{"line":5,"column":24}},"loc":{"start":{"line":6,"column":3},"end":{"line":15,"column":9}},"line":6},"1":{"name":"(anonymous_1)","decl":{"start":{"line":5,"column":53},"end":{"line":5,"column":54}},"loc":{"start":{"line":5,"column":58},"end":{"line":5,"column":59}},"line":5},"2":{"name":"(anonymous_2)","decl":{"start":{"line":5,"column":72},"end":{"line":5,"column":73}},"loc":{"start":{"line":5,"column":77},"end":{"line":5,"column":78}},"line":5},"3":{"name":"(anonymous_3)","decl":{"start":{"line":9,"column":28},"end":{"line":9,"column":29}},"loc":{"start":{"line":10,"column":17},"end":{"line":13,"column":18}},"line":10}},"branchMap":{"0":{"loc":{"start":{"line":5,"column":26},"end":{"line":5,"column":42}},"type":"default-arg","locations":[{"start":{"line":5,"column":40},"end":{"line":5,"column":42}}],"line":5},"1":{"loc":{"start":{"line":5,"column":44},"end":{"line":5,"column":59}},"type":"default-arg","locations":[{"start":{"line":5,"column":53},"end":{"line":5,"column":59}}],"line":5},"2":{"loc":{"start":{"line":5,"column":61},"end":{"line":5,"column":78}},"type":"default-arg","locations":[{"start":{"line":5,"column":72},"end":{"line":5,"column":78}}],"line":5},"3":{"loc":{"start":{"line":7,"column":5},"end":{"line":13,"column":20}},"type":"cond-expr","locations":[{"start":{"line":8,"column":6},"end":{"line":8,"column":54}},{"start":{"line":9,"column":12},"end":{"line":13,"column":20}}],"line":7}},"s":{"0":2,"1":0,"2":0,"3":2,"4":1,"5":2},"f":{"0":2,"1":0,"2":0,"3":1},"b":{"0":[1],"1":[2],"2":[2],"3":[1,1]},"_coverageSchema":"332fd63041d2c1bcb487cc26dd0d5f7d97098a6c","hash":"505b14743884e9e29c924d12b2e8dee82d356125"}
,"C:\\Users\\reida\\wildALmondz\\wildalmondz_060218\\mysqlauth\\src\\components\\ui\\UserLoginForm.js": {"path":"C:\\Users\\reida\\wildALmondz\\wildalmondz_060218\\mysqlauth\\src\\components\\ui\\UserLoginForm.js","statementMap":{"0":{"start":{"line":7,"column":4},"end":{"line":7,"column":17}},"1":{"start":{"line":8,"column":4},"end":{"line":8,"column":41}},"2":{"start":{"line":14,"column":8},"end":{"line":14,"column":17}},"3":{"start":{"line":15,"column":24},"end":{"line":15,"column":34}},"4":{"start":{"line":16,"column":4},"end":{"line":16,"column":23}},"5":{"start":{"line":17,"column":4},"end":{"line":17,"column":43}},"6":{"start":{"line":18,"column":4},"end":{"line":18,"column":22}},"7":{"start":{"line":19,"column":4},"end":{"line":19,"column":25}},"8":{"start":{"line":20,"column":4},"end":{"line":20,"column":19}},"9":{"start":{"line":24,"column":4},"end":{"line":32,"column":6}},"10":{"start":{"line":36,"column":0},"end":{"line":38,"column":2}},"11":{"start":{"line":40,"column":0},"end":{"line":42,"column":2}},"12":{"start":{"line":41,"column":16},"end":{"line":41,"column":17}}},"fnMap":{"0":{"name":"(anonymous_0)","decl":{"start":{"line":6,"column":2},"end":{"line":6,"column":3}},"loc":{"start":{"line":6,"column":21},"end":{"line":9,"column":3}},"line":6},"1":{"name":"(anonymous_1)","decl":{"start":{"line":11,"column":2},"end":{"line":11,"column":3}},"loc":{"start":{"line":11,"column":12},"end":{"line":21,"column":3}},"line":11},"2":{"name":"(anonymous_2)","decl":{"start":{"line":23,"column":2},"end":{"line":23,"column":3}},"loc":{"start":{"line":23,"column":11},"end":{"line":33,"column":3}},"line":23},"3":{"name":"(anonymous_3)","decl":{"start":{"line":41,"column":11},"end":{"line":41,"column":12}},"loc":{"start":{"line":41,"column":16},"end":{"line":41,"column":17}},"line":41}},"branchMap":{},"s":{"0":0,"1":0,"2":0,"3":0,"4":0,"5":0,"6":0,"7":0,"8":0,"9":0,"10":1,"11":1,"12":0},"f":{"0":0,"1":0,"2":0,"3":0},"b":{},"_coverageSchema":"332fd63041d2c1bcb487cc26dd0d5f7d97098a6c","hash":"f8dc6805728ad369c0018eeda825987e7f2b7ca0"}
,"C:\\Users\\reida\\wildALmondz\\wildalmondz_060218\\mysqlauth\\src\\components\\ui\\Whoops404.js": {"path":"C:\\Users\\reida\\wildALmondz\\wildalmondz_060218\\mysqlauth\\src\\components\\ui\\Whoops404.js","statementMap":{"0":{"start":{"line":1,"column":18},"end":{"line":4,"column":10}},"1":{"start":{"line":2,"column":4},"end":{"line":4,"column":10}}},"fnMap":{"0":{"name":"(anonymous_0)","decl":{"start":{"line":1,"column":18},"end":{"line":1,"column":19}},"loc":{"start":{"line":2,"column":4},"end":{"line":4,"column":10}},"line":2}},"branchMap":{},"s":{"0":1,"1":0},"f":{"0":0},"b":{},"_coverageSchema":"332fd63041d2c1bcb487cc26dd0d5f7d97098a6c","hash":"bc3c81046d46a67cabbcb0424d2f36d74bf378e0"}
,"C:\\Users\\reida\\wildALmondz\\wildalmondz_060218\\mysqlauth\\src\\lib\\array-helpers.js": {"path":"C:\\Users\\reida\\wildALmondz\\wildalmondz_060218\\mysqlauth\\src\\lib\\array-helpers.js","statementMap":{"0":{"start":{"line":4,"column":19},"end":{"line":5,"column":53}},"1":{"start":{"line":5,"column":4},"end":{"line":5,"column":53}},"2":{"start":{"line":5,"column":14},"end":{"line":5,"column":53}},"3":{"start":{"line":7,"column":21},"end":{"line":8,"column":72}},"4":{"start":{"line":8,"column":4},"end":{"line":8,"column":72}},"5":{"start":{"line":8,"column":14},"end":{"line":8,"column":72}},"6":{"start":{"line":10,"column":21},"end":{"line":11,"column":33}},"7":{"start":{"line":11,"column":4},"end":{"line":11,"column":33}},"8":{"start":{"line":11,"column":14},"end":{"line":11,"column":33}},"9":{"start":{"line":13,"column":18},"end":{"line":18,"column":31}},"10":{"start":{"line":14,"column":4},"end":{"line":18,"column":31}},"11":{"start":{"line":20,"column":28},"end":{"line":25,"column":42}},"12":{"start":{"line":21,"column":4},"end":{"line":25,"column":42}},"13":{"start":{"line":27,"column":21},"end":{"line":32,"column":45}},"14":{"start":{"line":32,"column":28},"end":{"line":32,"column":45}},"15":{"start":{"line":34,"column":27},"end":{"line":37,"column":1}},"16":{"start":{"line":39,"column":31},"end":{"line":42,"column":9}},"17":{"start":{"line":39,"column":56},"end":{"line":42,"column":9}},"18":{"start":{"line":40,"column":8},"end":{"line":40,"column":33}},"19":{"start":{"line":44,"column":26},"end":{"line":47,"column":9}},"20":{"start":{"line":44,"column":46},"end":{"line":47,"column":9}},"21":{"start":{"line":45,"column":10},"end":{"line":45,"column":30}},"22":{"start":{"line":49,"column":25},"end":{"line":52,"column":9}},"23":{"start":{"line":49,"column":44},"end":{"line":52,"column":9}},"24":{"start":{"line":50,"column":8},"end":{"line":50,"column":27}},"25":{"start":{"line":54,"column":33},"end":{"line":54,"column":50}},"26":{"start":{"line":54,"column":42},"end":{"line":54,"column":50}},"27":{"start":{"line":56,"column":31},"end":{"line":57,"column":40}},"28":{"start":{"line":57,"column":4},"end":{"line":57,"column":40}},"29":{"start":{"line":57,"column":25},"end":{"line":57,"column":39}},"30":{"start":{"line":59,"column":24},"end":{"line":62,"column":1}}},"fnMap":{"0":{"name":"(anonymous_0)","decl":{"start":{"line":4,"column":19},"end":{"line":4,"column":20}},"loc":{"start":{"line":5,"column":4},"end":{"line":5,"column":53}},"line":5},"1":{"name":"(anonymous_1)","decl":{"start":{"line":5,"column":4},"end":{"line":5,"column":5}},"loc":{"start":{"line":5,"column":14},"end":{"line":5,"column":53}},"line":5},"2":{"name":"(anonymous_2)","decl":{"start":{"line":7,"column":21},"end":{"line":7,"column":22}},"loc":{"start":{"line":8,"column":4},"end":{"line":8,"column":72}},"line":8},"3":{"name":"(anonymous_3)","decl":{"start":{"line":8,"column":4},"end":{"line":8,"column":5}},"loc":{"start":{"line":8,"column":14},"end":{"line":8,"column":72}},"line":8},"4":{"name":"(anonymous_4)","decl":{"start":{"line":10,"column":21},"end":{"line":10,"column":22}},"loc":{"start":{"line":11,"column":4},"end":{"line":11,"column":33}},"line":11},"5":{"name":"(anonymous_5)","decl":{"start":{"line":11,"column":4},"end":{"line":11,"column":5}},"loc":{"start":{"line":11,"column":14},"end":{"line":11,"column":33}},"line":11},"6":{"name":"(anonymous_6)","decl":{"start":{"line":13,"column":18},"end":{"line":13,"column":19}},"loc":{"start":{"line":14,"column":4},"end":{"line":18,"column":31}},"line":14},"7":{"name":"(anonymous_7)","decl":{"start":{"line":20,"column":28},"end":{"line":20,"column":29}},"loc":{"start":{"line":21,"column":4},"end":{"line":25,"column":42}},"line":21},"8":{"name":"(anonymous_8)","decl":{"start":{"line":27,"column":21},"end":{"line":27,"column":22}},"loc":{"start":{"line":32,"column":28},"end":{"line":32,"column":45}},"line":32},"9":{"name":"(anonymous_9)","decl":{"start":{"line":39,"column":31},"end":{"line":39,"column":32}},"loc":{"start":{"line":39,"column":56},"end":{"line":42,"column":9}},"line":39},"10":{"name":"(anonymous_10)","decl":{"start":{"line":40,"column":2},"end":{"line":40,"column":3}},"loc":{"start":{"line":40,"column":8},"end":{"line":40,"column":33}},"line":40},"11":{"name":"(anonymous_11)","decl":{"start":{"line":44,"column":26},"end":{"line":44,"column":27}},"loc":{"start":{"line":44,"column":46},"end":{"line":47,"column":9}},"line":44},"12":{"name":"(anonymous_12)","decl":{"start":{"line":45,"column":4},"end":{"line":45,"column":5}},"loc":{"start":{"line":45,"column":10},"end":{"line":45,"column":30}},"line":45},"13":{"name":"(anonymous_13)","decl":{"start":{"line":49,"column":25},"end":{"line":49,"column":26}},"loc":{"start":{"line":49,"column":44},"end":{"line":52,"column":9}},"line":49},"14":{"name":"(anonymous_14)","decl":{"start":{"line":50,"column":2},"end":{"line":50,"column":3}},"loc":{"start":{"line":50,"column":8},"end":{"line":50,"column":27}},"line":50},"15":{"name":"(anonymous_15)","decl":{"start":{"line":54,"column":33},"end":{"line":54,"column":34}},"loc":{"start":{"line":54,"column":42},"end":{"line":54,"column":50}},"line":54},"16":{"name":"(anonymous_16)","decl":{"start":{"line":56,"column":31},"end":{"line":56,"column":32}},"loc":{"start":{"line":57,"column":4},"end":{"line":57,"column":40}},"line":57},"17":{"name":"(anonymous_17)","decl":{"start":{"line":57,"column":17},"end":{"line":57,"column":18}},"loc":{"start":{"line":57,"column":25},"end":{"line":57,"column":39}},"line":57}},"branchMap":{"0":{"loc":{"start":{"line":8,"column":14},"end":{"line":8,"column":72}},"type":"cond-expr","locations":[{"start":{"line":8,"column":66},"end":{"line":8,"column":68}},{"start":{"line":8,"column":71},"end":{"line":8,"column":72}}],"line":8},"1":{"loc":{"start":{"line":14,"column":4},"end":{"line":18,"column":31}},"type":"cond-expr","locations":[{"start":{"line":15,"column":8},"end":{"line":15,"column":25}},{"start":{"line":16,"column":8},"end":{"line":18,"column":31}}],"line":14},"2":{"loc":{"start":{"line":16,"column":8},"end":{"line":18,"column":31}},"type":"cond-expr","locations":[{"start":{"line":17,"column":12},"end":{"line":17,"column":31}},{"start":{"line":18,"column":12},"end":{"line":18,"column":31}}],"line":16},"3":{"loc":{"start":{"line":21,"column":4},"end":{"line":25,"column":42}},"type":"cond-expr","locations":[{"start":{"line":22,"column":8},"end":{"line":22,"column":36}},{"start":{"line":23,"column":8},"end":{"line":25,"column":42}}],"line":21},"4":{"loc":{"start":{"line":23,"column":8},"end":{"line":25,"column":42}},"type":"cond-expr","locations":[{"start":{"line":24,"column":12},"end":{"line":24,"column":41}},{"start":{"line":25,"column":12},"end":{"line":25,"column":42}}],"line":23},"5":{"loc":{"start":{"line":27,"column":22},"end":{"line":27,"column":37}},"type":"default-arg","locations":[{"start":{"line":27,"column":31},"end":{"line":27,"column":37}}],"line":27},"6":{"loc":{"start":{"line":28,"column":22},"end":{"line":32,"column":23}},"type":"default-arg","locations":[{"start":{"line":28,"column":34},"end":{"line":32,"column":23}}],"line":28}},"s":{"0":1,"1":0,"2":0,"3":1,"4":0,"5":0,"6":1,"7":0,"8":0,"9":1,"10":0,"11":1,"12":0,"13":1,"14":0,"15":1,"16":1,"17":0,"18":0,"19":1,"20":0,"21":0,"22":1,"23":0,"24":0,"25":1,"26":0,"27":1,"28":0,"29":0,"30":1},"f":{"0":0,"1":0,"2":0,"3":0,"4":0,"5":0,"6":0,"7":0,"8":0,"9":0,"10":0,"11":0,"12":0,"13":0,"14":0,"15":0,"16":0,"17":0},"b":{"0":[0,0],"1":[0,0],"2":[0,0],"3":[0,0],"4":[0,0],"5":[0],"6":[0]},"_coverageSchema":"332fd63041d2c1bcb487cc26dd0d5f7d97098a6c","hash":"e5823137fe95c33344ec47fc8f9521b0da1c3f74"}
,"C:\\Users\\reida\\wildALmondz\\wildalmondz_060218\\mysqlauth\\src\\lib\\time-helpers.js": {"path":"C:\\Users\\reida\\wildALmondz\\wildalmondz_060218\\mysqlauth\\src\\lib\\time-helpers.js","statementMap":{"0":{"start":{"line":1,"column":15},"end":{"line":1,"column":19}},"1":{"start":{"line":2,"column":13},"end":{"line":2,"column":24}},"2":{"start":{"line":3,"column":11},"end":{"line":3,"column":22}},"3":{"start":{"line":4,"column":10},"end":{"line":4,"column":19}},"4":{"start":{"line":5,"column":16},"end":{"line":5,"column":43}},"5":{"start":{"line":6,"column":18},"end":{"line":11,"column":5}},"6":{"start":{"line":13,"column":15},"end":{"line":13,"column":59}},"7":{"start":{"line":13,"column":34},"end":{"line":13,"column":59}},"8":{"start":{"line":15,"column":16},"end":{"line":15,"column":67}},"9":{"start":{"line":15,"column":36},"end":{"line":15,"column":67}},"10":{"start":{"line":17,"column":20},"end":{"line":17,"column":70}},"11":{"start":{"line":17,"column":47},"end":{"line":17,"column":70}},"12":{"start":{"line":19,"column":26},"end":{"line":19,"column":73}},"13":{"start":{"line":19,"column":47},"end":{"line":19,"column":73}},"14":{"start":{"line":21,"column":20},"end":{"line":22,"column":60}},"15":{"start":{"line":22,"column":4},"end":{"line":22,"column":60}},"16":{"start":{"line":24,"column":18},"end":{"line":27,"column":12}},"17":{"start":{"line":25,"column":4},"end":{"line":27,"column":12}},"18":{"start":{"line":29,"column":22},"end":{"line":30,"column":80}},"19":{"start":{"line":30,"column":4},"end":{"line":30,"column":80}},"20":{"start":{"line":32,"column":24},"end":{"line":35,"column":23}},"21":{"start":{"line":33,"column":4},"end":{"line":35,"column":23}},"22":{"start":{"line":37,"column":19},"end":{"line":40,"column":18}},"23":{"start":{"line":38,"column":4},"end":{"line":40,"column":18}},"24":{"start":{"line":42,"column":18},"end":{"line":46,"column":5}},"25":{"start":{"line":43,"column":4},"end":{"line":46,"column":5}},"26":{"start":{"line":45,"column":14},"end":{"line":45,"column":57}},"27":{"start":{"line":48,"column":19},"end":{"line":51,"column":64}},"28":{"start":{"line":49,"column":4},"end":{"line":51,"column":64}},"29":{"start":{"line":53,"column":19},"end":{"line":54,"column":65}},"30":{"start":{"line":54,"column":4},"end":{"line":54,"column":65}}},"fnMap":{"0":{"name":"(anonymous_0)","decl":{"start":{"line":13,"column":15},"end":{"line":13,"column":16}},"loc":{"start":{"line":13,"column":34},"end":{"line":13,"column":59}},"line":13},"1":{"name":"(anonymous_1)","decl":{"start":{"line":15,"column":16},"end":{"line":15,"column":17}},"loc":{"start":{"line":15,"column":36},"end":{"line":15,"column":67}},"line":15},"2":{"name":"(anonymous_2)","decl":{"start":{"line":17,"column":20},"end":{"line":17,"column":21}},"loc":{"start":{"line":17,"column":47},"end":{"line":17,"column":70}},"line":17},"3":{"name":"(anonymous_3)","decl":{"start":{"line":19,"column":26},"end":{"line":19,"column":27}},"loc":{"start":{"line":19,"column":47},"end":{"line":19,"column":73}},"line":19},"4":{"name":"(anonymous_4)","decl":{"start":{"line":21,"column":20},"end":{"line":21,"column":21}},"loc":{"start":{"line":22,"column":4},"end":{"line":22,"column":60}},"line":22},"5":{"name":"(anonymous_5)","decl":{"start":{"line":24,"column":18},"end":{"line":24,"column":19}},"loc":{"start":{"line":25,"column":4},"end":{"line":27,"column":12}},"line":25},"6":{"name":"(anonymous_6)","decl":{"start":{"line":29,"column":22},"end":{"line":29,"column":23}},"loc":{"start":{"line":30,"column":4},"end":{"line":30,"column":80}},"line":30},"7":{"name":"(anonymous_7)","decl":{"start":{"line":32,"column":24},"end":{"line":32,"column":25}},"loc":{"start":{"line":33,"column":4},"end":{"line":35,"column":23}},"line":33},"8":{"name":"(anonymous_8)","decl":{"start":{"line":37,"column":19},"end":{"line":37,"column":20}},"loc":{"start":{"line":38,"column":4},"end":{"line":40,"column":18}},"line":38},"9":{"name":"(anonymous_9)","decl":{"start":{"line":42,"column":18},"end":{"line":42,"column":19}},"loc":{"start":{"line":43,"column":4},"end":{"line":46,"column":5}},"line":43},"10":{"name":"(anonymous_10)","decl":{"start":{"line":45,"column":8},"end":{"line":45,"column":9}},"loc":{"start":{"line":45,"column":14},"end":{"line":45,"column":57}},"line":45},"11":{"name":"(anonymous_11)","decl":{"start":{"line":48,"column":19},"end":{"line":48,"column":20}},"loc":{"start":{"line":49,"column":4},"end":{"line":51,"column":64}},"line":49},"12":{"name":"(anonymous_12)","decl":{"start":{"line":53,"column":19},"end":{"line":53,"column":20}},"loc":{"start":{"line":54,"column":4},"end":{"line":54,"column":65}},"line":54}},"branchMap":{"0":{"loc":{"start":{"line":22,"column":34},"end":{"line":22,"column":57}},"type":"cond-expr","locations":[{"start":{"line":22,"column":49},"end":{"line":22,"column":52}},{"start":{"line":22,"column":55},"end":{"line":22,"column":57}}],"line":22},"1":{"loc":{"start":{"line":25,"column":4},"end":{"line":27,"column":12}},"type":"cond-expr","locations":[{"start":{"line":26,"column":8},"end":{"line":26,"column":84}},{"start":{"line":27,"column":8},"end":{"line":27,"column":12}}],"line":25},"2":{"loc":{"start":{"line":33,"column":4},"end":{"line":35,"column":23}},"type":"cond-expr","locations":[{"start":{"line":34,"column":8},"end":{"line":34,"column":28}},{"start":{"line":35,"column":4},"end":{"line":35,"column":23}}],"line":33},"3":{"loc":{"start":{"line":38,"column":4},"end":{"line":40,"column":18}},"type":"cond-expr","locations":[{"start":{"line":39,"column":8},"end":{"line":39,"column":31}},{"start":{"line":40,"column":8},"end":{"line":40,"column":18}}],"line":38},"4":{"loc":{"start":{"line":49,"column":4},"end":{"line":51,"column":64}},"type":"cond-expr","locations":[{"start":{"line":50,"column":8},"end":{"line":50,"column":40}},{"start":{"line":51,"column":8},"end":{"line":51,"column":64}}],"line":49},"5":{"loc":{"start":{"line":53,"column":31},"end":{"line":53,"column":56}},"type":"default-arg","locations":[{"start":{"line":53,"column":35},"end":{"line":53,"column":56}}],"line":53}},"s":{"0":4,"1":4,"2":4,"3":4,"4":4,"5":4,"6":4,"7":36,"8":4,"9":16,"10":4,"11":16,"12":4,"13":0,"14":4,"15":0,"16":4,"17":16,"18":4,"19":4,"20":4,"21":0,"22":4,"23":16,"24":4,"25":16,"26":16,"27":4,"28":20,"29":4,"30":4},"f":{"0":36,"1":16,"2":16,"3":0,"4":0,"5":16,"6":4,"7":0,"8":16,"9":16,"10":16,"11":20,"12":4},"b":{"0":[0,0],"1":[0,16],"2":[0,0],"3":[0,16],"4":[4,16],"5":[4]},"_coverageSchema":"332fd63041d2c1bcb487cc26dd0d5f7d97098a6c","hash":"7eaab399a7ba87794db3b52731060eea0442a5e5"}
,"C:\\Users\\reida\\wildALmondz\\wildalmondz_060218\\mysqlauth\\src\\store\\index.js": {"path":"C:\\Users\\reida\\wildALmondz\\wildalmondz_060218\\mysqlauth\\src\\store\\index.js","statementMap":{"0":{"start":{"line":18,"column":21},"end":{"line":31,"column":1}},"1":{"start":{"line":18,"column":30},"end":{"line":31,"column":1}},"2":{"start":{"line":18,"column":38},"end":{"line":31,"column":1}},"3":{"start":{"line":19,"column":2},"end":{"line":30,"column":3}},"4":{"start":{"line":21,"column":4},"end":{"line":21,"column":54}},"5":{"start":{"line":22,"column":4},"end":{"line":22,"column":47}},"6":{"start":{"line":23,"column":4},"end":{"line":23,"column":33}},"7":{"start":{"line":24,"column":4},"end":{"line":24,"column":25}},"8":{"start":{"line":25,"column":4},"end":{"line":25,"column":47}},"9":{"start":{"line":26,"column":4},"end":{"line":26,"column":22}},"10":{"start":{"line":27,"column":4},"end":{"line":27,"column":17}},"11":{"start":{"line":29,"column":4},"end":{"line":29,"column":23}},"12":{"start":{"line":33,"column":21},"end":{"line":39,"column":1}},"13":{"start":{"line":33,"column":30},"end":{"line":39,"column":1}},"14":{"start":{"line":33,"column":38},"end":{"line":39,"column":1}},"15":{"start":{"line":34,"column":2},"end":{"line":34,"column":48}},"16":{"start":{"line":35,"column":2},"end":{"line":35,"column":49}},"17":{"start":{"line":36,"column":2},"end":{"line":36,"column":22}},"18":{"start":{"line":37,"column":2},"end":{"line":37,"column":20}},"19":{"start":{"line":38,"column":2},"end":{"line":38,"column":22}},"20":{"start":{"line":41,"column":19},"end":{"line":44,"column":1}},"21":{"start":{"line":41,"column":29},"end":{"line":44,"column":1}},"22":{"start":{"line":46,"column":21},"end":{"line":64,"column":3}},"23":{"start":{"line":47,"column":2},"end":{"line":64,"column":3}}},"fnMap":{"0":{"name":"(anonymous_0)","decl":{"start":{"line":18,"column":21},"end":{"line":18,"column":22}},"loc":{"start":{"line":18,"column":30},"end":{"line":31,"column":1}},"line":18},"1":{"name":"(anonymous_1)","decl":{"start":{"line":18,"column":30},"end":{"line":18,"column":31}},"loc":{"start":{"line":18,"column":38},"end":{"line":31,"column":1}},"line":18},"2":{"name":"(anonymous_2)","decl":{"start":{"line":18,"column":38},"end":{"line":18,"column":39}},"loc":{"start":{"line":18,"column":48},"end":{"line":31,"column":1}},"line":18},"3":{"name":"(anonymous_3)","decl":{"start":{"line":33,"column":21},"end":{"line":33,"column":22}},"loc":{"start":{"line":33,"column":30},"end":{"line":39,"column":1}},"line":33},"4":{"name":"(anonymous_4)","decl":{"start":{"line":33,"column":30},"end":{"line":33,"column":31}},"loc":{"start":{"line":33,"column":38},"end":{"line":39,"column":1}},"line":33},"5":{"name":"(anonymous_5)","decl":{"start":{"line":33,"column":38},"end":{"line":33,"column":39}},"loc":{"start":{"line":33,"column":50},"end":{"line":39,"column":1}},"line":33},"6":{"name":"(anonymous_6)","decl":{"start":{"line":41,"column":19},"end":{"line":41,"column":20}},"loc":{"start":{"line":41,"column":29},"end":{"line":44,"column":1}},"line":41},"7":{"name":"(anonymous_7)","decl":{"start":{"line":46,"column":21},"end":{"line":46,"column":22}},"loc":{"start":{"line":47,"column":2},"end":{"line":64,"column":3}},"line":47}},"branchMap":{"0":{"loc":{"start":{"line":19,"column":2},"end":{"line":30,"column":3}},"type":"if","locations":[{"start":{"line":19,"column":2},"end":{"line":30,"column":3}},{"start":{"line":19,"column":2},"end":{"line":30,"column":3}}],"line":19},"1":{"loc":{"start":{"line":42,"column":2},"end":{"line":42,"column":40}},"type":"cond-expr","locations":[{"start":{"line":42,"column":13},"end":{"line":42,"column":25}},{"start":{"line":42,"column":28},"end":{"line":42,"column":40}}],"line":42},"2":{"loc":{"start":{"line":46,"column":22},"end":{"line":46,"column":36}},"type":"default-arg","locations":[{"start":{"line":46,"column":31},"end":{"line":46,"column":36}}],"line":46}},"s":{"0":2,"1":1,"2":1,"3":1,"4":0,"5":0,"6":0,"7":0,"8":0,"9":0,"10":0,"11":1,"12":2,"13":1,"14":1,"15":1,"16":1,"17":1,"18":1,"19":1,"20":2,"21":2,"22":2,"23":2},"f":{"0":1,"1":1,"2":1,"3":1,"4":1,"5":1,"6":2,"7":2},"b":{"0":[0,1],"1":[1,1],"2":[1]},"_coverageSchema":"332fd63041d2c1bcb487cc26dd0d5f7d97098a6c","hash":"86b1a064f2a557aef6e7675ce0c814c20699c213"}
,"C:\\Users\\reida\\wildALmondz\\wildalmondz_060218\\mysqlauth\\src\\store\\reducers.js": {"path":"C:\\Users\\reida\\wildALmondz\\wildalmondz_060218\\mysqlauth\\src\\store\\reducers.js","statementMap":{"0":{"start":{"line":3,"column":21},"end":{"line":22,"column":2}},"1":{"start":{"line":4,"column":5},"end":{"line":21,"column":6}},"2":{"start":{"line":6,"column":13},"end":{"line":12,"column":14}},"3":{"start":{"line":14,"column":13},"end":{"line":18,"column":14}},"4":{"start":{"line":20,"column":13},"end":{"line":20,"column":25}},"5":{"start":{"line":24,"column":23},"end":{"line":42,"column":2}},"6":{"start":{"line":25,"column":5},"end":{"line":41,"column":6}},"7":{"start":{"line":27,"column":13},"end":{"line":30,"column":14}},"8":{"start":{"line":32,"column":13},"end":{"line":34,"column":14}},"9":{"start":{"line":33,"column":22},"end":{"line":33,"column":38}},"10":{"start":{"line":36,"column":13},"end":{"line":38,"column":14}},"11":{"start":{"line":37,"column":22},"end":{"line":37,"column":40}},"12":{"start":{"line":40,"column":13},"end":{"line":40,"column":25}},"13":{"start":{"line":44,"column":21},"end":{"line":67,"column":2}},"14":{"start":{"line":45,"column":5},"end":{"line":66,"column":6}},"15":{"start":{"line":47,"column":12},"end":{"line":47,"column":25}},"16":{"start":{"line":49,"column":12},"end":{"line":49,"column":53}},"17":{"start":{"line":51,"column":13},"end":{"line":57,"column":14}},"18":{"start":{"line":59,"column":13},"end":{"line":63,"column":14}},"19":{"start":{"line":65,"column":13},"end":{"line":65,"column":25}},"20":{"start":{"line":69,"column":22},"end":{"line":87,"column":2}},"21":{"start":{"line":70,"column":5},"end":{"line":86,"column":6}},"22":{"start":{"line":72,"column":13},"end":{"line":75,"column":14}},"23":{"start":{"line":77,"column":13},"end":{"line":79,"column":14}},"24":{"start":{"line":78,"column":22},"end":{"line":78,"column":38}},"25":{"start":{"line":81,"column":13},"end":{"line":83,"column":14}},"26":{"start":{"line":82,"column":22},"end":{"line":82,"column":40}},"27":{"start":{"line":85,"column":13},"end":{"line":85,"column":25}},"28":{"start":{"line":89,"column":23},"end":{"line":97,"column":1}},"29":{"start":{"line":90,"column":11},"end":{"line":96,"column":12}},"30":{"start":{"line":92,"column":19},"end":{"line":93,"column":20}},"31":{"start":{"line":95,"column":19},"end":{"line":95,"column":31}},"32":{"start":{"line":99,"column":21},"end":{"line":107,"column":1}},"33":{"start":{"line":100,"column":11},"end":{"line":106,"column":12}},"34":{"start":{"line":102,"column":19},"end":{"line":103,"column":20}},"35":{"start":{"line":105,"column":19},"end":{"line":105,"column":31}},"36":{"start":{"line":109,"column":23},"end":{"line":123,"column":1}},"37":{"start":{"line":110,"column":11},"end":{"line":122,"column":12}},"38":{"start":{"line":112,"column":19},"end":{"line":119,"column":20}},"39":{"start":{"line":121,"column":19},"end":{"line":121,"column":31}},"40":{"start":{"line":125,"column":21},"end":{"line":136,"column":1}},"41":{"start":{"line":126,"column":11},"end":{"line":135,"column":12}},"42":{"start":{"line":128,"column":19},"end":{"line":132,"column":20}},"43":{"start":{"line":134,"column":19},"end":{"line":134,"column":31}},"44":{"start":{"line":138,"column":27},"end":{"line":147,"column":1}},"45":{"start":{"line":139,"column":11},"end":{"line":146,"column":12}},"46":{"start":{"line":141,"column":19},"end":{"line":143,"column":20}},"47":{"start":{"line":145,"column":19},"end":{"line":145,"column":31}},"48":{"start":{"line":149,"column":29},"end":{"line":158,"column":1}},"49":{"start":{"line":150,"column":11},"end":{"line":157,"column":12}},"50":{"start":{"line":152,"column":19},"end":{"line":154,"column":20}},"51":{"start":{"line":156,"column":19},"end":{"line":156,"column":31}},"52":{"start":{"line":160,"column":30},"end":{"line":169,"column":1}},"53":{"start":{"line":161,"column":11},"end":{"line":168,"column":12}},"54":{"start":{"line":163,"column":19},"end":{"line":165,"column":20}},"55":{"start":{"line":167,"column":19},"end":{"line":167,"column":31}},"56":{"start":{"line":171,"column":27},"end":{"line":184,"column":1}},"57":{"start":{"line":172,"column":11},"end":{"line":183,"column":12}},"58":{"start":{"line":174,"column":19},"end":{"line":180,"column":20}},"59":{"start":{"line":182,"column":19},"end":{"line":182,"column":31}},"60":{"start":{"line":186,"column":20},"end":{"line":196,"column":1}},"61":{"start":{"line":187,"column":11},"end":{"line":195,"column":12}},"62":{"start":{"line":189,"column":19},"end":{"line":192,"column":20}},"63":{"start":{"line":194,"column":19},"end":{"line":194,"column":31}},"64":{"start":{"line":198,"column":20},"end":{"line":217,"column":1}},"65":{"start":{"line":199,"column":5},"end":{"line":216,"column":6}},"66":{"start":{"line":201,"column":12},"end":{"line":206,"column":13}},"67":{"start":{"line":208,"column":12},"end":{"line":211,"column":13}},"68":{"start":{"line":213,"column":12},"end":{"line":213,"column":59}},"69":{"start":{"line":213,"column":38},"end":{"line":213,"column":57}},"70":{"start":{"line":215,"column":12},"end":{"line":215,"column":24}},"71":{"start":{"line":219,"column":21},"end":{"line":229,"column":1}},"72":{"start":{"line":220,"column":4},"end":{"line":228,"column":5}},"73":{"start":{"line":222,"column":12},"end":{"line":225,"column":13}},"74":{"start":{"line":227,"column":12},"end":{"line":227,"column":24}}},"fnMap":{"0":{"name":"(anonymous_0)","decl":{"start":{"line":3,"column":21},"end":{"line":3,"column":22}},"loc":{"start":{"line":3,"column":60},"end":{"line":22,"column":2}},"line":3},"1":{"name":"(anonymous_1)","decl":{"start":{"line":24,"column":23},"end":{"line":24,"column":24}},"loc":{"start":{"line":24,"column":62},"end":{"line":42,"column":2}},"line":24},"2":{"name":"(anonymous_2)","decl":{"start":{"line":33,"column":17},"end":{"line":33,"column":18}},"loc":{"start":{"line":33,"column":22},"end":{"line":33,"column":38}},"line":33},"3":{"name":"(anonymous_3)","decl":{"start":{"line":37,"column":17},"end":{"line":37,"column":18}},"loc":{"start":{"line":37,"column":22},"end":{"line":37,"column":40}},"line":37},"4":{"name":"(anonymous_4)","decl":{"start":{"line":44,"column":21},"end":{"line":44,"column":22}},"loc":{"start":{"line":44,"column":60},"end":{"line":67,"column":2}},"line":44},"5":{"name":"(anonymous_5)","decl":{"start":{"line":69,"column":22},"end":{"line":69,"column":23}},"loc":{"start":{"line":69,"column":61},"end":{"line":87,"column":2}},"line":69},"6":{"name":"(anonymous_6)","decl":{"start":{"line":78,"column":17},"end":{"line":78,"column":18}},"loc":{"start":{"line":78,"column":22},"end":{"line":78,"column":38}},"line":78},"7":{"name":"(anonymous_7)","decl":{"start":{"line":82,"column":17},"end":{"line":82,"column":18}},"loc":{"start":{"line":82,"column":22},"end":{"line":82,"column":40}},"line":82},"8":{"name":"(anonymous_8)","decl":{"start":{"line":89,"column":23},"end":{"line":89,"column":24}},"loc":{"start":{"line":89,"column":62},"end":{"line":97,"column":1}},"line":89},"9":{"name":"(anonymous_9)","decl":{"start":{"line":99,"column":21},"end":{"line":99,"column":22}},"loc":{"start":{"line":99,"column":60},"end":{"line":107,"column":1}},"line":99},"10":{"name":"(anonymous_10)","decl":{"start":{"line":109,"column":23},"end":{"line":109,"column":24}},"loc":{"start":{"line":109,"column":62},"end":{"line":123,"column":1}},"line":109},"11":{"name":"(anonymous_11)","decl":{"start":{"line":125,"column":21},"end":{"line":125,"column":22}},"loc":{"start":{"line":125,"column":60},"end":{"line":136,"column":1}},"line":125},"12":{"name":"(anonymous_12)","decl":{"start":{"line":138,"column":27},"end":{"line":138,"column":28}},"loc":{"start":{"line":138,"column":66},"end":{"line":147,"column":1}},"line":138},"13":{"name":"(anonymous_13)","decl":{"start":{"line":149,"column":29},"end":{"line":149,"column":30}},"loc":{"start":{"line":149,"column":68},"end":{"line":158,"column":1}},"line":149},"14":{"name":"(anonymous_14)","decl":{"start":{"line":160,"column":30},"end":{"line":160,"column":31}},"loc":{"start":{"line":160,"column":69},"end":{"line":169,"column":1}},"line":160},"15":{"name":"(anonymous_15)","decl":{"start":{"line":171,"column":27},"end":{"line":171,"column":28}},"loc":{"start":{"line":171,"column":66},"end":{"line":184,"column":1}},"line":171},"16":{"name":"(anonymous_16)","decl":{"start":{"line":186,"column":20},"end":{"line":186,"column":21}},"loc":{"start":{"line":186,"column":59},"end":{"line":196,"column":1}},"line":186},"17":{"name":"(anonymous_17)","decl":{"start":{"line":198,"column":20},"end":{"line":198,"column":21}},"loc":{"start":{"line":198,"column":59},"end":{"line":217,"column":1}},"line":198},"18":{"name":"(anonymous_18)","decl":{"start":{"line":213,"column":32},"end":{"line":213,"column":33}},"loc":{"start":{"line":213,"column":38},"end":{"line":213,"column":57}},"line":213},"19":{"name":"(anonymous_19)","decl":{"start":{"line":219,"column":21},"end":{"line":219,"column":22}},"loc":{"start":{"line":219,"column":45},"end":{"line":229,"column":1}},"line":219}},"branchMap":{"0":{"loc":{"start":{"line":3,"column":22},"end":{"line":3,"column":32}},"type":"default-arg","locations":[{"start":{"line":3,"column":30},"end":{"line":3,"column":32}}],"line":3},"1":{"loc":{"start":{"line":3,"column":34},"end":{"line":3,"column":55}},"type":"default-arg","locations":[{"start":{"line":3,"column":41},"end":{"line":3,"column":55}}],"line":3},"2":{"loc":{"start":{"line":4,"column":5},"end":{"line":21,"column":6}},"type":"switch","locations":[{"start":{"line":5,"column":9},"end":{"line":12,"column":14}},{"start":{"line":13,"column":9},"end":{"line":18,"column":14}},{"start":{"line":19,"column":9},"end":{"line":20,"column":25}}],"line":4},"3":{"loc":{"start":{"line":14,"column":20},"end":{"line":18,"column":14}},"type":"cond-expr","locations":[{"start":{"line":14,"column":47},"end":{"line":14,"column":52}},{"start":{"line":15,"column":13},"end":{"line":18,"column":14}}],"line":14},"4":{"loc":{"start":{"line":24,"column":24},"end":{"line":24,"column":34}},"type":"default-arg","locations":[{"start":{"line":24,"column":32},"end":{"line":24,"column":34}}],"line":24},"5":{"loc":{"start":{"line":24,"column":36},"end":{"line":24,"column":57}},"type":"default-arg","locations":[{"start":{"line":24,"column":43},"end":{"line":24,"column":57}}],"line":24},"6":{"loc":{"start":{"line":25,"column":5},"end":{"line":41,"column":6}},"type":"switch","locations":[{"start":{"line":26,"column":9},"end":{"line":30,"column":14}},{"start":{"line":31,"column":9},"end":{"line":34,"column":14}},{"start":{"line":35,"column":9},"end":{"line":38,"column":14}},{"start":{"line":39,"column":9},"end":{"line":40,"column":25}}],"line":25},"7":{"loc":{"start":{"line":44,"column":22},"end":{"line":44,"column":32}},"type":"default-arg","locations":[{"start":{"line":44,"column":30},"end":{"line":44,"column":32}}],"line":44},"8":{"loc":{"start":{"line":44,"column":34},"end":{"line":44,"column":55}},"type":"default-arg","locations":[{"start":{"line":44,"column":41},"end":{"line":44,"column":55}}],"line":44},"9":{"loc":{"start":{"line":45,"column":5},"end":{"line":66,"column":6}},"type":"switch","locations":[{"start":{"line":46,"column":9},"end":{"line":47,"column":25}},{"start":{"line":48,"column":9},"end":{"line":49,"column":53}},{"start":{"line":50,"column":9},"end":{"line":57,"column":14}},{"start":{"line":58,"column":9},"end":{"line":63,"column":14}},{"start":{"line":64,"column":9},"end":{"line":65,"column":25}}],"line":45},"10":{"loc":{"start":{"line":59,"column":20},"end":{"line":63,"column":14}},"type":"cond-expr","locations":[{"start":{"line":59,"column":47},"end":{"line":59,"column":52}},{"start":{"line":60,"column":13},"end":{"line":63,"column":14}}],"line":59},"11":{"loc":{"start":{"line":69,"column":23},"end":{"line":69,"column":33}},"type":"default-arg","locations":[{"start":{"line":69,"column":31},"end":{"line":69,"column":33}}],"line":69},"12":{"loc":{"start":{"line":69,"column":35},"end":{"line":69,"column":56}},"type":"default-arg","locations":[{"start":{"line":69,"column":42},"end":{"line":69,"column":56}}],"line":69},"13":{"loc":{"start":{"line":70,"column":5},"end":{"line":86,"column":6}},"type":"switch","locations":[{"start":{"line":71,"column":9},"end":{"line":75,"column":14}},{"start":{"line":76,"column":9},"end":{"line":79,"column":14}},{"start":{"line":80,"column":9},"end":{"line":83,"column":14}},{"start":{"line":84,"column":9},"end":{"line":85,"column":25}}],"line":70},"14":{"loc":{"start":{"line":89,"column":24},"end":{"line":89,"column":34}},"type":"default-arg","locations":[{"start":{"line":89,"column":32},"end":{"line":89,"column":34}}],"line":89},"15":{"loc":{"start":{"line":89,"column":36},"end":{"line":89,"column":57}},"type":"default-arg","locations":[{"start":{"line":89,"column":43},"end":{"line":89,"column":57}}],"line":89},"16":{"loc":{"start":{"line":90,"column":11},"end":{"line":96,"column":12}},"type":"switch","locations":[{"start":{"line":91,"column":15},"end":{"line":93,"column":20}},{"start":{"line":94,"column":15},"end":{"line":95,"column":31}}],"line":90},"17":{"loc":{"start":{"line":99,"column":22},"end":{"line":99,"column":32}},"type":"default-arg","locations":[{"start":{"line":99,"column":30},"end":{"line":99,"column":32}}],"line":99},"18":{"loc":{"start":{"line":99,"column":34},"end":{"line":99,"column":55}},"type":"default-arg","locations":[{"start":{"line":99,"column":41},"end":{"line":99,"column":55}}],"line":99},"19":{"loc":{"start":{"line":100,"column":11},"end":{"line":106,"column":12}},"type":"switch","locations":[{"start":{"line":101,"column":15},"end":{"line":103,"column":20}},{"start":{"line":104,"column":15},"end":{"line":105,"column":31}}],"line":100},"20":{"loc":{"start":{"line":109,"column":24},"end":{"line":109,"column":34}},"type":"default-arg","locations":[{"start":{"line":109,"column":32},"end":{"line":109,"column":34}}],"line":109},"21":{"loc":{"start":{"line":109,"column":36},"end":{"line":109,"column":57}},"type":"default-arg","locations":[{"start":{"line":109,"column":43},"end":{"line":109,"column":57}}],"line":109},"22":{"loc":{"start":{"line":110,"column":11},"end":{"line":122,"column":12}},"type":"switch","locations":[{"start":{"line":111,"column":15},"end":{"line":119,"column":20}},{"start":{"line":120,"column":15},"end":{"line":121,"column":31}}],"line":110},"23":{"loc":{"start":{"line":125,"column":22},"end":{"line":125,"column":32}},"type":"default-arg","locations":[{"start":{"line":125,"column":30},"end":{"line":125,"column":32}}],"line":125},"24":{"loc":{"start":{"line":125,"column":34},"end":{"line":125,"column":55}},"type":"default-arg","locations":[{"start":{"line":125,"column":41},"end":{"line":125,"column":55}}],"line":125},"25":{"loc":{"start":{"line":126,"column":11},"end":{"line":135,"column":12}},"type":"switch","locations":[{"start":{"line":127,"column":15},"end":{"line":132,"column":20}},{"start":{"line":133,"column":15},"end":{"line":134,"column":31}}],"line":126},"26":{"loc":{"start":{"line":138,"column":28},"end":{"line":138,"column":38}},"type":"default-arg","locations":[{"start":{"line":138,"column":36},"end":{"line":138,"column":38}}],"line":138},"27":{"loc":{"start":{"line":138,"column":40},"end":{"line":138,"column":61}},"type":"default-arg","locations":[{"start":{"line":138,"column":47},"end":{"line":138,"column":61}}],"line":138},"28":{"loc":{"start":{"line":139,"column":11},"end":{"line":146,"column":12}},"type":"switch","locations":[{"start":{"line":140,"column":15},"end":{"line":143,"column":20}},{"start":{"line":144,"column":15},"end":{"line":145,"column":31}}],"line":139},"29":{"loc":{"start":{"line":149,"column":30},"end":{"line":149,"column":40}},"type":"default-arg","locations":[{"start":{"line":149,"column":38},"end":{"line":149,"column":40}}],"line":149},"30":{"loc":{"start":{"line":149,"column":42},"end":{"line":149,"column":63}},"type":"default-arg","locations":[{"start":{"line":149,"column":49},"end":{"line":149,"column":63}}],"line":149},"31":{"loc":{"start":{"line":150,"column":11},"end":{"line":157,"column":12}},"type":"switch","locations":[{"start":{"line":151,"column":15},"end":{"line":154,"column":20}},{"start":{"line":155,"column":15},"end":{"line":156,"column":31}}],"line":150},"32":{"loc":{"start":{"line":160,"column":31},"end":{"line":160,"column":41}},"type":"default-arg","locations":[{"start":{"line":160,"column":39},"end":{"line":160,"column":41}}],"line":160},"33":{"loc":{"start":{"line":160,"column":43},"end":{"line":160,"column":64}},"type":"default-arg","locations":[{"start":{"line":160,"column":50},"end":{"line":160,"column":64}}],"line":160},"34":{"loc":{"start":{"line":161,"column":11},"end":{"line":168,"column":12}},"type":"switch","locations":[{"start":{"line":162,"column":15},"end":{"line":165,"column":20}},{"start":{"line":166,"column":15},"end":{"line":167,"column":31}}],"line":161},"35":{"loc":{"start":{"line":171,"column":28},"end":{"line":171,"column":38}},"type":"default-arg","locations":[{"start":{"line":171,"column":36},"end":{"line":171,"column":38}}],"line":171},"36":{"loc":{"start":{"line":171,"column":40},"end":{"line":171,"column":61}},"type":"default-arg","locations":[{"start":{"line":171,"column":47},"end":{"line":171,"column":61}}],"line":171},"37":{"loc":{"start":{"line":172,"column":11},"end":{"line":183,"column":12}},"type":"switch","locations":[{"start":{"line":173,"column":15},"end":{"line":180,"column":20}},{"start":{"line":181,"column":15},"end":{"line":182,"column":31}}],"line":172},"38":{"loc":{"start":{"line":186,"column":21},"end":{"line":186,"column":31}},"type":"default-arg","locations":[{"start":{"line":186,"column":29},"end":{"line":186,"column":31}}],"line":186},"39":{"loc":{"start":{"line":186,"column":33},"end":{"line":186,"column":54}},"type":"default-arg","locations":[{"start":{"line":186,"column":40},"end":{"line":186,"column":54}}],"line":186},"40":{"loc":{"start":{"line":187,"column":11},"end":{"line":195,"column":12}},"type":"switch","locations":[{"start":{"line":188,"column":15},"end":{"line":192,"column":20}},{"start":{"line":193,"column":15},"end":{"line":194,"column":31}}],"line":187},"41":{"loc":{"start":{"line":198,"column":21},"end":{"line":198,"column":31}},"type":"default-arg","locations":[{"start":{"line":198,"column":29},"end":{"line":198,"column":31}}],"line":198},"42":{"loc":{"start":{"line":198,"column":33},"end":{"line":198,"column":54}},"type":"default-arg","locations":[{"start":{"line":198,"column":40},"end":{"line":198,"column":54}}],"line":198},"43":{"loc":{"start":{"line":199,"column":5},"end":{"line":216,"column":6}},"type":"switch","locations":[{"start":{"line":200,"column":8},"end":{"line":206,"column":13}},{"start":{"line":207,"column":8},"end":{"line":211,"column":13}},{"start":{"line":212,"column":9},"end":{"line":213,"column":59}},{"start":{"line":214,"column":8},"end":{"line":215,"column":24}}],"line":199},"44":{"loc":{"start":{"line":219,"column":22},"end":{"line":219,"column":32}},"type":"default-arg","locations":[{"start":{"line":219,"column":30},"end":{"line":219,"column":32}}],"line":219},"45":{"loc":{"start":{"line":220,"column":4},"end":{"line":228,"column":5}},"type":"switch","locations":[{"start":{"line":221,"column":8},"end":{"line":225,"column":13}},{"start":{"line":226,"column":8},"end":{"line":227,"column":24}}],"line":220}},"s":{"0":4,"1":0,"2":0,"3":0,"4":0,"5":4,"6":6,"7":0,"8":0,"9":0,"10":0,"11":0,"12":6,"13":4,"14":0,"15":0,"16":0,"17":0,"18":0,"19":0,"20":4,"21":6,"22":0,"23":0,"24":0,"25":0,"26":0,"27":6,"28":4,"29":6,"30":0,"31":6,"32":4,"33":6,"34":0,"35":6,"36":4,"37":6,"38":0,"39":6,"40":4,"41":6,"42":0,"43":6,"44":4,"45":6,"46":0,"47":6,"48":4,"49":6,"50":0,"51":6,"52":4,"53":6,"54":0,"55":6,"56":4,"57":6,"58":0,"59":6,"60":4,"61":6,"62":0,"63":6,"64":4,"65":3,"66":2,"67":1,"68":0,"69":0,"70":0,"71":4,"72":7,"73":1,"74":6},"f":{"0":0,"1":6,"2":0,"3":0,"4":0,"5":6,"6":0,"7":0,"8":6,"9":6,"10":6,"11":6,"12":6,"13":6,"14":6,"15":6,"16":6,"17":3,"18":0,"19":7},"b":{"0":[0],"1":[0],"2":[0,0,0],"3":[0,0],"4":[6],"5":[0],"6":[0,0,0,6],"7":[0],"8":[0],"9":[0,0,0,0,0],"10":[0,0],"11":[6],"12":[0],"13":[0,0,0,6],"14":[6],"15":[0],"16":[0,6],"17":[6],"18":[0],"19":[0,6],"20":[6],"21":[0],"22":[0,6],"23":[6],"24":[0],"25":[0,6],"26":[6],"27":[0],"28":[0,6],"29":[6],"30":[0],"31":[0,6],"32":[6],"33":[0],"34":[0,6],"35":[6],"36":[0],"37":[0,6],"38":[6],"39":[0],"40":[0,6],"41":[0],"42":[0],"43":[2,1,0,0],"44":[6],"45":[1,6]},"_coverageSchema":"332fd63041d2c1bcb487cc26dd0d5f7d97098a6c","hash":"01607050e72f6805a6c8313470cdc281ba367139"}
,"C:\\Users\\reida\\wildALmondz\\wildalmondz_060218\\mysqlauth\\views\\Constants.jsx": {"path":"C:\\Users\\reida\\wildALmondz\\wildalmondz_060218\\mysqlauth\\views\\Constants.jsx","statementMap":{"0":{"start":{"line":1,"column":0},"end":{"line":3,"column":2}}},"fnMap":{},"branchMap":{},"s":{"0":1},"f":{},"b":{},"_coverageSchema":"332fd63041d2c1bcb487cc26dd0d5f7d97098a6c","hash":"41b33359a5a31a6813c7faa0849a19cc1ee5b122"}
,"C:\\Users\\reida\\wildALmondz\\wildalmondz_060218\\mysqlauth\\views\\Square.jsx": {"path":"C:\\Users\\reida\\wildALmondz\\wildalmondz_060218\\mysqlauth\\views\\Square.jsx","statementMap":{"0":{"start":{"line":5,"column":25},"end":{"line":5,"column":54}},"1":{"start":{"line":7,"column":21},"end":{"line":11,"column":1}},"2":{"start":{"line":9,"column":8},"end":{"line":9,"column":40}},"3":{"start":{"line":14,"column":4},"end":{"line":19,"column":6}},"4":{"start":{"line":22,"column":20},"end":{"line":74,"column":2}},"5":{"start":{"line":35,"column":78},"end":{"line":35,"column":88}},"6":{"start":{"line":36,"column":25},"end":{"line":36,"column":42}},"7":{"start":{"line":38,"column":30},"end":{"line":38,"column":36}},"8":{"start":{"line":39,"column":8},"end":{"line":45,"column":9}},"9":{"start":{"line":40,"column":12},"end":{"line":40,"column":50}},"10":{"start":{"line":41,"column":12},"end":{"line":41,"column":42}},"11":{"start":{"line":42,"column":15},"end":{"line":45,"column":9}},"12":{"start":{"line":43,"column":12},"end":{"line":43,"column":51}},"13":{"start":{"line":44,"column":12},"end":{"line":44,"column":42}},"14":{"start":{"line":47,"column":8},"end":{"line":72,"column":10}},"15":{"start":{"line":76,"column":0},"end":{"line":76,"column":82}}},"fnMap":{"0":{"name":"collect","decl":{"start":{"line":13,"column":9},"end":{"line":13,"column":16}},"loc":{"start":{"line":13,"column":35},"end":{"line":20,"column":1}},"line":13},"1":{"name":"(anonymous_1)","decl":{"start":{"line":34,"column":12},"end":{"line":34,"column":13}},"loc":{"start":{"line":34,"column":24},"end":{"line":73,"column":5}},"line":34}},"branchMap":{"0":{"loc":{"start":{"line":36,"column":25},"end":{"line":36,"column":42}},"type":"binary-expr","locations":[{"start":{"line":36,"column":25},"end":{"line":36,"column":31}},{"start":{"line":36,"column":35},"end":{"line":36,"column":42}}],"line":36},"1":{"loc":{"start":{"line":39,"column":8},"end":{"line":45,"column":9}},"type":"if","locations":[{"start":{"line":39,"column":8},"end":{"line":45,"column":9}},{"start":{"line":39,"column":8},"end":{"line":45,"column":9}}],"line":39},"2":{"loc":{"start":{"line":42,"column":15},"end":{"line":45,"column":9}},"type":"if","locations":[{"start":{"line":42,"column":15},"end":{"line":45,"column":9}},{"start":{"line":42,"column":15},"end":{"line":45,"column":9}}],"line":42},"3":{"loc":{"start":{"line":63,"column":17},"end":{"line":65,"column":22}},"type":"cond-expr","locations":[{"start":{"line":64,"column":20},"end":{"line":64,"column":37}},{"start":{"line":65,"column":20},"end":{"line":65,"column":22}}],"line":63},"4":{"loc":{"start":{"line":67,"column":17},"end":{"line":69,"column":20}},"type":"binary-expr","locations":[{"start":{"line":67,"column":17},"end":{"line":67,"column":32}},{"start":{"line":68,"column":16},"end":{"line":69,"column":20}}],"line":67}},"s":{"0":1,"1":1,"2":0,"3":0,"4":1,"5":0,"6":0,"7":0,"8":0,"9":0,"10":0,"11":0,"12":0,"13":0,"14":0,"15":1},"f":{"0":0,"1":0},"b":{"0":[0,0],"1":[0,0],"2":[0,0],"3":[0,0],"4":[0,0]},"_coverageSchema":"332fd63041d2c1bcb487cc26dd0d5f7d97098a6c","hash":"23fc9765326b2254b2a8b53ebb84665bee93f942"}
}
