TN:
SF:C:\Users\reida\wildALmondz\wildalmondz_060218\mysqlauth\routes\routes.jsx
FNF:0
FNH:0
LF:0
LH:0
BRF:0
BRH:0
end_of_record
TN:
SF:C:\Users\reida\wildALmondz\wildalmondz_060218\mysqlauth\src\actions.js
FN:4,(anonymous_0)
FN:5,(anonymous_1)
FN:7,(anonymous_2)
FN:13,(anonymous_3)
FN:13,(anonymous_4)
FN:22,(anonymous_5)
FN:22,(anonymous_6)
FN:30,(anonymous_7)
FN:30,(anonymous_8)
FN:38,(anonymous_9)
FN:38,(anonymous_10)
FN:45,(anonymous_11)
FN:45,(anonymous_12)
FN:52,(anonymous_13)
FN:52,(anonymous_14)
FN:60,(anonymous_15)
FN:60,(anonymous_16)
FN:68,(anonymous_17)
FNF:18
FNH:6
FNDA:0,(anonymous_0)
FNDA:1,(anonymous_1)
FNDA:2,(anonymous_2)
FNDA:1,(anonymous_3)
FNDA:1,(anonymous_4)
FNDA:0,(anonymous_5)
FNDA:0,(anonymous_6)
FNDA:0,(anonymous_7)
FNDA:0,(anonymous_8)
FNDA:0,(anonymous_9)
FNDA:0,(anonymous_10)
FNDA:0,(anonymous_11)
FNDA:0,(anonymous_12)
FNDA:0,(anonymous_13)
FNDA:0,(anonymous_14)
FNDA:1,(anonymous_15)
FNDA:1,(anonymous_16)
FNDA:0,(anonymous_17)
DA:4,3
DA:5,3
DA:7,3
DA:8,2
DA:13,3
DA:14,1
DA:22,3
DA:23,0
DA:30,3
DA:31,0
DA:38,3
DA:39,0
DA:45,3
DA:46,0
DA:52,3
DA:53,0
DA:60,3
DA:61,1
DA:68,3
DA:69,0
LF:20
LH:14
BRDA:68,0,0,0
BRF:1
BRH:0
end_of_record
TN:
SF:C:\Users\reida\wildALmondz\wildalmondz_060218\mysqlauth\src\constants.js
FNF:0
FNH:0
DA:1,5
LF:1
LH:1
BRF:0
BRH:0
end_of_record
TN:
SF:C:\Users\reida\wildALmondz\wildalmondz_060218\mysqlauth\src\index.js
FNF:0
FNH:0
DA:8,1
DA:13,1
DA:14,1
DA:16,1
DA:18,1
LF:5
LH:5
BRF:0
BRH:0
end_of_record
TN:
SF:C:\Users\reida\wildALmondz\wildalmondz_060218\mysqlauth\src\menus.js
FN:10,(anonymous_0)
FN:20,(anonymous_1)
FNF:2
FNH:0
FNDA:0,(anonymous_0)
FNDA:0,(anonymous_1)
DA:5,1
DA:10,1
DA:11,0
DA:20,1
DA:21,0
LF:5
LH:3
BRDA:24,0,0,0
BRDA:24,0,1,0
BRF:2
BRH:0
end_of_record
TN:
SF:C:\Users\reida\wildALmondz\wildalmondz_060218\mysqlauth\src\pages.js
FN:6,(anonymous_0)
FN:12,(anonymous_1)
FN:23,(anonymous_2)
FN:28,(anonymous_3)
FN:38,(anonymous_4)
FN:46,(anonymous_5)
FN:54,(anonymous_6)
FN:61,(anonymous_7)
FN:72,(anonymous_8)
FN:92,(anonymous_9)
FN:115,(anonymous_10)
FN:128,(anonymous_11)
FNF:12
FNH:0
FNDA:0,(anonymous_0)
FNDA:0,(anonymous_1)
FNDA:0,(anonymous_2)
FNDA:0,(anonymous_3)
FNDA:0,(anonymous_4)
FNDA:0,(anonymous_5)
FNDA:0,(anonymous_6)
FNDA:0,(anonymous_7)
FNDA:0,(anonymous_8)
FNDA:0,(anonymous_9)
FNDA:0,(anonymous_10)
FNDA:0,(anonymous_11)
DA:6,1
DA:7,0
DA:12,1
DA:13,0
DA:23,1
DA:24,0
DA:28,1
DA:29,0
DA:38,1
DA:39,0
DA:46,1
DA:47,0
DA:54,1
DA:55,0
DA:61,1
DA:62,0
DA:72,1
DA:73,0
DA:92,1
DA:93,0
DA:115,1
DA:116,0
DA:128,1
DA:129,0
LF:24
LH:12
BRF:0
BRH:0
end_of_record
TN:
SF:C:\Users\reida\wildALmondz\wildalmondz_060218\mysqlauth\src\components\App.js
FN:19,(anonymous_0)
FNF:1
FNH:0
FNDA:0,(anonymous_0)
DA:19,1
DA:20,0
LF:2
LH:1
BRF:0
BRH:0
end_of_record
TN:
SF:C:\Users\reida\wildALmondz\wildalmondz_060218\mysqlauth\src\components\containers.js
FN:18,(anonymous_0)
FN:27,(anonymous_1)
FN:31,(anonymous_2)
FN:42,(anonymous_3)
FN:48,(anonymous_4)
FN:52,(anonymous_5)
FN:60,(anonymous_6)
FN:68,(anonymous_7)
FN:78,(anonymous_8)
FN:88,(anonymous_9)
FN:97,(anonymous_10)
FN:101,(anonymous_11)
FN:112,(anonymous_12)
FNF:13
FNH:0
FNDA:0,(anonymous_0)
FNDA:0,(anonymous_1)
FNDA:0,(anonymous_2)
FNDA:0,(anonymous_3)
FNDA:0,(anonymous_4)
FNDA:0,(anonymous_5)
FNDA:0,(anonymous_6)
FNDA:0,(anonymous_7)
FNDA:0,(anonymous_8)
FNDA:0,(anonymous_9)
FNDA:0,(anonymous_10)
FNDA:0,(anonymous_11)
FNDA:0,(anonymous_12)
DA:16,1
DA:19,0
DA:21,0
DA:26,1
DA:28,0
DA:32,0
DA:34,0
DA:37,0
DA:42,1
DA:43,0
DA:47,1
DA:49,0
DA:53,0
DA:55,0
DA:60,1
DA:61,0
DA:66,1
DA:69,0
DA:71,0
DA:76,1
DA:79,0
DA:81,0
DA:86,1
DA:89,0
DA:91,0
DA:96,1
DA:98,0
DA:102,0
DA:104,0
DA:107,0
DA:112,1
DA:113,0
LF:32
LH:10
BRF:0
BRH:0
end_of_record
TN:
SF:C:\Users\reida\wildALmondz\wildalmondz_060218\mysqlauth\src\components\ui\AddColorForm.js
FN:6,(anonymous_0)
FN:11,(anonymous_1)
FN:21,(anonymous_2)
FN:46,(anonymous_3)
FNF:4
FNH:4
FNDA:3,(anonymous_0)
FNDA:2,(anonymous_1)
FNDA:3,(anonymous_2)
FNDA:1,(anonymous_3)
DA:7,3
DA:8,3
DA:12,2
DA:13,2
DA:14,2
DA:15,2
DA:16,2
DA:17,2
DA:18,2
DA:22,3
DA:41,2
DA:45,2
DA:46,1
LF:13
LH:13
BRF:0
BRH:0
end_of_record
TN:
SF:C:\Users\reida\wildALmondz\wildalmondz_060218\mysqlauth\src\components\ui\AddGameForm.js
FN:6,(anonymous_0)
FN:11,(anonymous_1)
FN:21,(anonymous_2)
FN:46,(anonymous_3)
FNF:4
FNH:0
FNDA:0,(anonymous_0)
FNDA:0,(anonymous_1)
FNDA:0,(anonymous_2)
FNDA:0,(anonymous_3)
DA:7,0
DA:8,0
DA:12,0
DA:13,0
DA:14,0
DA:15,0
DA:16,0
DA:17,0
DA:18,0
DA:22,0
DA:41,1
DA:45,1
DA:46,0
LF:13
LH:2
BRF:0
BRH:0
end_of_record
TN:
SF:C:\Users\reida\wildALmondz\wildalmondz_060218\mysqlauth\src\components\ui\AddUserForm.js
FN:6,(anonymous_0)
FN:11,(anonymous_1)
FN:25,(anonymous_2)
FN:45,(anonymous_3)
FNF:4
FNH:0
FNDA:0,(anonymous_0)
FNDA:0,(anonymous_1)
FNDA:0,(anonymous_2)
FNDA:0,(anonymous_3)
DA:7,0
DA:8,0
DA:14,0
DA:15,0
DA:16,0
DA:17,0
DA:18,0
DA:19,0
DA:20,0
DA:21,0
DA:22,0
DA:26,0
DA:40,1
DA:44,1
DA:45,0
LF:15
LH:2
BRF:0
BRH:0
end_of_record
TN:
SF:C:\Users\reida\wildALmondz\wildalmondz_060218\mysqlauth\src\components\ui\Color.js
FN:9,(anonymous_0)
FN:17,(anonymous_1)
FN:25,(anonymous_2)
FN:47,(anonymous_3)
FN:48,(anonymous_4)
FNF:5
FNH:3
FNDA:3,(anonymous_0)
FNDA:0,(anonymous_1)
FNDA:0,(anonymous_2)
FNDA:1,(anonymous_3)
FNDA:1,(anonymous_4)
DA:12,3
DA:13,3
DA:17,0
DA:25,0
DA:37,2
DA:45,2
DA:47,1
DA:48,1
LF:8
LH:6
BRF:0
BRH:0
end_of_record
TN:
SF:C:\Users\reida\wildALmondz\wildalmondz_060218\mysqlauth\src\components\ui\ColorDetails.js
FN:5,(anonymous_0)
FN:10,(anonymous_1)
FNF:2
FNH:0
FNDA:0,(anonymous_0)
FNDA:0,(anonymous_1)
DA:5,1
DA:6,0
DA:10,0
DA:15,1
LF:4
LH:2
BRDA:6,0,0,0
BRDA:6,0,1,0
BRF:2
BRH:0
end_of_record
TN:
SF:C:\Users\reida\wildALmondz\wildalmondz_060218\mysqlauth\src\components\ui\ColorList.js
FN:5,(anonymous_0)
FN:5,(anonymous_1)
FN:5,(anonymous_2)
FN:9,(anonymous_3)
FN:13,(anonymous_4)
FN:14,(anonymous_5)
FNF:6
FNH:6
FNDA:6,(anonymous_0)
FNDA:1,(anonymous_1)
FNDA:1,(anonymous_2)
FNDA:15,(anonymous_3)
FNDA:2,(anonymous_4)
FNDA:2,(anonymous_5)
DA:5,2
DA:6,6
DA:10,15
DA:13,2
DA:14,2
DA:19,2
LF:6
LH:6
BRDA:5,0,0,1
BRDA:5,1,0,5
BRDA:5,2,0,5
BRDA:7,3,0,1
BRDA:7,3,1,5
BRF:5
BRH:5
end_of_record
TN:
SF:C:\Users\reida\wildALmondz\wildalmondz_060218\mysqlauth\src\components\ui\Game.js
FN:9,(anonymous_0)
FN:21,(anonymous_1)
FN:43,(anonymous_2)
FN:44,(anonymous_3)
FNF:4
FNH:3
FNDA:3,(anonymous_0)
FNDA:0,(anonymous_1)
FNDA:1,(anonymous_2)
FNDA:1,(anonymous_3)
DA:12,3
DA:13,3
DA:21,0
DA:33,3
DA:41,3
DA:43,1
DA:44,1
LF:7
LH:6
BRF:0
BRH:0
end_of_record
TN:
SF:C:\Users\reida\wildALmondz\wildalmondz_060218\mysqlauth\src\components\ui\GameDetails.js
FN:5,(anonymous_0)
FN:10,(anonymous_1)
FNF:2
FNH:0
FNDA:0,(anonymous_0)
FNDA:0,(anonymous_1)
DA:5,1
DA:6,0
DA:10,0
DA:15,1
LF:4
LH:2
BRDA:6,0,0,0
BRDA:6,0,1,0
BRF:2
BRH:0
end_of_record
TN:
SF:C:\Users\reida\wildALmondz\wildalmondz_060218\mysqlauth\src\components\ui\GameList.js
FN:5,(anonymous_0)
FN:5,(anonymous_1)
FN:5,(anonymous_2)
FN:9,(anonymous_3)
FN:13,(anonymous_4)
FN:14,(anonymous_5)
FNF:6
FNH:1
FNDA:2,(anonymous_0)
FNDA:0,(anonymous_1)
FNDA:0,(anonymous_2)
FNDA:0,(anonymous_3)
FNDA:0,(anonymous_4)
FNDA:0,(anonymous_5)
DA:5,2
DA:6,2
DA:10,0
DA:13,0
DA:14,0
DA:19,2
LF:6
LH:3
BRDA:5,0,0,2
BRDA:5,1,0,2
BRDA:5,2,0,2
BRDA:7,3,0,2
BRDA:7,3,1,0
BRF:5
BRH:4
end_of_record
TN:
SF:C:\Users\reida\wildALmondz\wildalmondz_060218\mysqlauth\src\components\ui\Menu.js
FN:7,(anonymous_0)
FNF:1
FNH:0
FNDA:0,(anonymous_0)
DA:5,1
DA:7,1
DA:8,0
DA:14,1
LF:4
LH:3
BRDA:9,0,0,0
BRDA:9,0,1,0
BRF:2
BRH:0
end_of_record
TN:
SF:C:\Users\reida\wildALmondz\wildalmondz_060218\mysqlauth\src\components\ui\NavMenu.js
FN:7,(anonymous_0)
FNF:1
FNH:0
FNDA:0,(anonymous_0)
DA:5,1
DA:7,1
DA:8,0
DA:15,1
LF:4
LH:3
BRF:0
BRH:0
end_of_record
TN:
SF:C:\Users\reida\wildALmondz\wildalmondz_060218\mysqlauth\src\components\ui\Star.js
FN:4,(anonymous_0)
FN:4,(anonymous_1)
FNF:2
FNH:1
FNDA:20,(anonymous_0)
FNDA:0,(anonymous_1)
DA:4,4
DA:5,20
DA:10,4
LF:3
LH:3
BRDA:4,0,0,0
BRDA:4,1,0,0
BRDA:6,2,0,0
BRDA:6,2,1,20
BRF:4
BRH:1
end_of_record
TN:
SF:C:\Users\reida\wildALmondz\wildalmondz_060218\mysqlauth\src\components\ui\StarRating.js
FN:4,(anonymous_0)
FN:4,(anonymous_1)
FN:6,(anonymous_2)
FN:10,(anonymous_3)
FNF:4
FNH:3
FNDA:4,(anonymous_0)
FNDA:0,(anonymous_1)
FNDA:20,(anonymous_2)
FNDA:2,(anonymous_3)
DA:4,4
DA:5,4
DA:7,20
DA:10,2
DA:15,4
DA:21,4
LF:6
LH:6
BRDA:4,0,0,0
BRDA:4,1,0,4
BRDA:4,2,0,0
BRF:3
BRH:1
end_of_record
TN:
SF:C:\Users\reida\wildALmondz\wildalmondz_060218\mysqlauth\src\components\ui\TimeAgo.js
FN:3,(anonymous_0)
FNF:1
FNH:1
FNDA:4,(anonymous_0)
DA:3,4
DA:4,4
DA:8,4
LF:3
LH:3
BRF:0
BRH:0
end_of_record
TN:
SF:C:\Users\reida\wildALmondz\wildalmondz_060218\mysqlauth\src\components\ui\Tournament.js
FN:8,(anonymous_0)
FN:14,(anonymous_1)
FN:22,(anonymous_2)
FN:36,(anonymous_3)
FNF:4
FNH:0
FNDA:0,(anonymous_0)
FNDA:0,(anonymous_1)
FNDA:0,(anonymous_2)
FNDA:0,(anonymous_3)
DA:9,0
DA:10,0
DA:14,0
DA:22,0
DA:29,2
DA:35,2
DA:36,0
LF:7
LH:2
BRF:0
BRH:0
end_of_record
TN:
SF:C:\Users\reida\wildALmondz\wildalmondz_060218\mysqlauth\src\components\ui\TournamentDetails.js
FN:5,(anonymous_0)
FN:9,(anonymous_1)
FNF:2
FNH:0
FNDA:0,(anonymous_0)
FNDA:0,(anonymous_1)
DA:5,1
DA:6,0
DA:9,0
DA:14,1
LF:4
LH:2
BRDA:6,0,0,0
BRDA:6,0,1,0
BRF:2
BRH:0
end_of_record
TN:
SF:C:\Users\reida\wildALmondz\wildalmondz_060218\mysqlauth\src\components\ui\TournamentList.js
FN:5,(anonymous_0)
FN:5,(anonymous_1)
FN:5,(anonymous_2)
FN:9,(anonymous_3)
FNF:4
FNH:2
FNDA:2,(anonymous_0)
FNDA:0,(anonymous_1)
FNDA:0,(anonymous_2)
FNDA:1,(anonymous_3)
DA:5,2
DA:6,2
DA:10,1
DA:17,2
LF:4
LH:4
BRDA:5,0,0,1
BRDA:5,1,0,2
BRDA:5,2,0,2
BRDA:7,3,0,1
BRDA:7,3,1,1
BRF:5
BRH:5
end_of_record
TN:
SF:C:\Users\reida\wildALmondz\wildalmondz_060218\mysqlauth\src\components\ui\UserLoginForm.js
FN:6,(anonymous_0)
FN:11,(anonymous_1)
FN:23,(anonymous_2)
FN:41,(anonymous_3)
FNF:4
FNH:0
FNDA:0,(anonymous_0)
FNDA:0,(anonymous_1)
FNDA:0,(anonymous_2)
FNDA:0,(anonymous_3)
DA:7,0
DA:8,0
DA:14,0
DA:15,0
DA:16,0
DA:17,0
DA:18,0
DA:19,0
DA:20,0
DA:24,0
DA:36,1
DA:40,1
DA:41,0
LF:13
LH:2
BRF:0
BRH:0
end_of_record
TN:
SF:C:\Users\reida\wildALmondz\wildalmondz_060218\mysqlauth\src\components\ui\Whoops404.js
FN:1,(anonymous_0)
FNF:1
FNH:0
FNDA:0,(anonymous_0)
DA:1,1
DA:2,0
LF:2
LH:1
BRF:0
BRH:0
end_of_record
TN:
SF:C:\Users\reida\wildALmondz\wildalmondz_060218\mysqlauth\src\lib\array-helpers.js
FN:4,(anonymous_0)
FN:5,(anonymous_1)
FN:7,(anonymous_2)
FN:8,(anonymous_3)
FN:10,(anonymous_4)
FN:11,(anonymous_5)
FN:13,(anonymous_6)
FN:20,(anonymous_7)
FN:27,(anonymous_8)
FN:39,(anonymous_9)
FN:40,(anonymous_10)
FN:44,(anonymous_11)
FN:45,(anonymous_12)
FN:49,(anonymous_13)
FN:50,(anonymous_14)
FN:54,(anonymous_15)
FN:56,(anonymous_16)
FN:57,(anonymous_17)
FNF:18
FNH:0
FNDA:0,(anonymous_0)
FNDA:0,(anonymous_1)
FNDA:0,(anonymous_2)
FNDA:0,(anonymous_3)
FNDA:0,(anonymous_4)
FNDA:0,(anonymous_5)
FNDA:0,(anonymous_6)
FNDA:0,(anonymous_7)
FNDA:0,(anonymous_8)
FNDA:0,(anonymous_9)
FNDA:0,(anonymous_10)
FNDA:0,(anonymous_11)
FNDA:0,(anonymous_12)
FNDA:0,(anonymous_13)
FNDA:0,(anonymous_14)
FNDA:0,(anonymous_15)
FNDA:0,(anonymous_16)
FNDA:0,(anonymous_17)
DA:4,1
DA:5,0
DA:7,1
DA:8,0
DA:10,1
DA:11,0
DA:13,1
DA:14,0
DA:20,1
DA:21,0
DA:27,1
DA:32,0
DA:34,1
DA:39,1
DA:40,0
DA:44,1
DA:45,0
DA:49,1
DA:50,0
DA:54,1
DA:56,1
DA:57,0
DA:59,1
LF:23
LH:13
BRDA:8,0,0,0
BRDA:8,0,1,0
BRDA:14,1,0,0
BRDA:14,1,1,0
BRDA:16,2,0,0
BRDA:16,2,1,0
BRDA:21,3,0,0
BRDA:21,3,1,0
BRDA:23,4,0,0
BRDA:23,4,1,0
BRDA:27,5,0,0
BRDA:28,6,0,0
BRF:12
BRH:0
end_of_record
TN:
SF:C:\Users\reida\wildALmondz\wildalmondz_060218\mysqlauth\src\lib\time-helpers.js
FN:13,(anonymous_0)
FN:15,(anonymous_1)
FN:17,(anonymous_2)
FN:19,(anonymous_3)
FN:21,(anonymous_4)
FN:24,(anonymous_5)
FN:29,(anonymous_6)
FN:32,(anonymous_7)
FN:37,(anonymous_8)
FN:42,(anonymous_9)
FN:45,(anonymous_10)
FN:48,(anonymous_11)
FN:53,(anonymous_12)
FNF:13
FNH:10
FNDA:36,(anonymous_0)
FNDA:16,(anonymous_1)
FNDA:16,(anonymous_2)
FNDA:0,(anonymous_3)
FNDA:0,(anonymous_4)
FNDA:16,(anonymous_5)
FNDA:4,(anonymous_6)
FNDA:0,(anonymous_7)
FNDA:16,(anonymous_8)
FNDA:16,(anonymous_9)
FNDA:16,(anonymous_10)
FNDA:20,(anonymous_11)
FNDA:4,(anonymous_12)
DA:1,4
DA:2,4
DA:3,4
DA:4,4
DA:5,4
DA:6,4
DA:13,36
DA:15,16
DA:17,16
DA:19,4
DA:21,4
DA:22,0
DA:24,4
DA:25,16
DA:29,4
DA:30,4
DA:32,4
DA:33,0
DA:37,4
DA:38,16
DA:42,4
DA:43,16
DA:45,16
DA:48,4
DA:49,20
DA:53,4
DA:54,4
LF:27
LH:25
BRDA:22,0,0,0
BRDA:22,0,1,0
BRDA:25,1,0,0
BRDA:25,1,1,16
BRDA:33,2,0,0
BRDA:33,2,1,0
BRDA:38,3,0,0
BRDA:38,3,1,16
BRDA:49,4,0,4
BRDA:49,4,1,16
BRDA:53,5,0,4
BRF:11
BRH:5
end_of_record
TN:
SF:C:\Users\reida\wildALmondz\wildalmondz_060218\mysqlauth\src\store\index.js
FN:18,(anonymous_0)
FN:18,(anonymous_1)
FN:18,(anonymous_2)
FN:33,(anonymous_3)
FN:33,(anonymous_4)
FN:33,(anonymous_5)
FN:41,(anonymous_6)
FN:46,(anonymous_7)
FNF:8
FNH:8
FNDA:1,(anonymous_0)
FNDA:1,(anonymous_1)
FNDA:1,(anonymous_2)
FNDA:1,(anonymous_3)
FNDA:1,(anonymous_4)
FNDA:1,(anonymous_5)
FNDA:2,(anonymous_6)
FNDA:2,(anonymous_7)
DA:18,2
DA:19,1
DA:21,0
DA:22,0
DA:23,0
DA:24,0
DA:25,0
DA:26,0
DA:27,0
DA:29,1
DA:33,2
DA:34,1
DA:35,1
DA:36,1
DA:37,1
DA:38,1
DA:41,2
DA:46,2
DA:47,2
LF:19
LH:12
BRDA:19,0,0,0
BRDA:19,0,1,1
BRDA:42,1,0,1
BRDA:42,1,1,1
BRDA:46,2,0,1
BRF:5
BRH:4
end_of_record
TN:
SF:C:\Users\reida\wildALmondz\wildalmondz_060218\mysqlauth\src\store\reducers.js
FN:3,(anonymous_0)
FN:24,(anonymous_1)
FN:33,(anonymous_2)
FN:37,(anonymous_3)
FN:44,(anonymous_4)
FN:69,(anonymous_5)
FN:78,(anonymous_6)
FN:82,(anonymous_7)
FN:89,(anonymous_8)
FN:99,(anonymous_9)
FN:109,(anonymous_10)
FN:125,(anonymous_11)
FN:138,(anonymous_12)
FN:149,(anonymous_13)
FN:160,(anonymous_14)
FN:171,(anonymous_15)
FN:186,(anonymous_16)
FN:198,(anonymous_17)
FN:213,(anonymous_18)
FN:219,(anonymous_19)
FNF:20
FNH:13
FNDA:0,(anonymous_0)
FNDA:6,(anonymous_1)
FNDA:0,(anonymous_2)
FNDA:0,(anonymous_3)
FNDA:0,(anonymous_4)
FNDA:6,(anonymous_5)
FNDA:0,(anonymous_6)
FNDA:0,(anonymous_7)
FNDA:6,(anonymous_8)
FNDA:6,(anonymous_9)
FNDA:6,(anonymous_10)
FNDA:6,(anonymous_11)
FNDA:6,(anonymous_12)
FNDA:6,(anonymous_13)
FNDA:6,(anonymous_14)
FNDA:6,(anonymous_15)
FNDA:6,(anonymous_16)
FNDA:3,(anonymous_17)
FNDA:0,(anonymous_18)
FNDA:7,(anonymous_19)
DA:3,4
DA:4,0
DA:6,0
DA:14,0
DA:20,0
DA:24,4
DA:25,6
DA:27,0
DA:32,0
DA:33,0
DA:36,0
DA:37,0
DA:40,6
DA:44,4
DA:45,0
DA:47,0
DA:49,0
DA:51,0
DA:59,0
DA:65,0
DA:69,4
DA:70,6
DA:72,0
DA:77,0
DA:78,0
DA:81,0
DA:82,0
DA:85,6
DA:89,4
DA:90,6
DA:92,0
DA:95,6
DA:99,4
DA:100,6
DA:102,0
DA:105,6
DA:109,4
DA:110,6
DA:112,0
DA:121,6
DA:125,4
DA:126,6
DA:128,0
DA:134,6
DA:138,4
DA:139,6
DA:141,0
DA:145,6
DA:149,4
DA:150,6
DA:152,0
DA:156,6
DA:160,4
DA:161,6
DA:163,0
DA:167,6
DA:171,4
DA:172,6
DA:174,0
DA:182,6
DA:186,4
DA:187,6
DA:189,0
DA:194,6
DA:198,4
DA:199,3
DA:201,2
DA:208,1
DA:213,0
DA:215,0
DA:219,4
DA:220,7
DA:222,1
DA:227,6
LF:74
LH:43
BRDA:3,0,0,0
BRDA:3,1,0,0
BRDA:4,2,0,0
BRDA:4,2,1,0
BRDA:4,2,2,0
BRDA:14,3,0,0
BRDA:14,3,1,0
BRDA:24,4,0,6
BRDA:24,5,0,0
BRDA:25,6,0,0
BRDA:25,6,1,0
BRDA:25,6,2,0
BRDA:25,6,3,6
BRDA:44,7,0,0
BRDA:44,8,0,0
BRDA:45,9,0,0
BRDA:45,9,1,0
BRDA:45,9,2,0
BRDA:45,9,3,0
BRDA:45,9,4,0
BRDA:59,10,0,0
BRDA:59,10,1,0
BRDA:69,11,0,6
BRDA:69,12,0,0
BRDA:70,13,0,0
BRDA:70,13,1,0
BRDA:70,13,2,0
BRDA:70,13,3,6
BRDA:89,14,0,6
BRDA:89,15,0,0
BRDA:90,16,0,0
BRDA:90,16,1,6
BRDA:99,17,0,6
BRDA:99,18,0,0
BRDA:100,19,0,0
BRDA:100,19,1,6
BRDA:109,20,0,6
BRDA:109,21,0,0
BRDA:110,22,0,0
BRDA:110,22,1,6
BRDA:125,23,0,6
BRDA:125,24,0,0
BRDA:126,25,0,0
BRDA:126,25,1,6
BRDA:138,26,0,6
BRDA:138,27,0,0
BRDA:139,28,0,0
BRDA:139,28,1,6
BRDA:149,29,0,6
BRDA:149,30,0,0
BRDA:150,31,0,0
BRDA:150,31,1,6
BRDA:160,32,0,6
BRDA:160,33,0,0
BRDA:161,34,0,0
BRDA:161,34,1,6
BRDA:171,35,0,6
BRDA:171,36,0,0
BRDA:172,37,0,0
BRDA:172,37,1,6
BRDA:186,38,0,6
BRDA:186,39,0,0
BRDA:187,40,0,0
BRDA:187,40,1,6
BRDA:198,41,0,0
BRDA:198,42,0,0
BRDA:199,43,0,2
BRDA:199,43,1,1
BRDA:199,43,2,0
BRDA:199,43,3,0
BRDA:219,44,0,6
BRDA:220,45,0,1
BRDA:220,45,1,6
BRF:73
BRH:27
end_of_record
TN:
SF:C:\Users\reida\wildALmondz\wildalmondz_060218\mysqlauth\views\Constants.jsx
FNF:0
FNH:0
DA:1,1
LF:1
LH:1
BRF:0
BRH:0
end_of_record
TN:
SF:C:\Users\reida\wildALmondz\wildalmondz_060218\mysqlauth\views\Square.jsx
FN:13,collect
FN:34,(anonymous_1)
FNF:2
FNH:0
FNDA:0,collect
FNDA:0,(anonymous_1)
DA:5,1
DA:7,1
DA:9,0
DA:14,0
DA:22,1
DA:35,0
DA:36,0
DA:38,0
DA:39,0
DA:40,0
DA:41,0
DA:42,0
DA:43,0
DA:44,0
DA:47,0
DA:76,1
LF:16
LH:4
BRDA:36,0,0,0
BRDA:36,0,1,0
BRDA:39,1,0,0
BRDA:39,1,1,0
BRDA:42,2,0,0
BRDA:42,2,1,0
BRDA:63,3,0,0
BRDA:63,3,1,0
BRDA:67,4,0,0
BRDA:67,4,1,0
BRF:10
BRH:0
end_of_record
